TN:
SF:src\components\ExportModal.vue
FN:250,close
FN:254,handleExport
FN:261,formatNumber
FN:8,(anonymous_3)
FN:36,(anonymous_4)
FN:62,(anonymous_5)
FN:67,(anonymous_6)
FN:73,(anonymous_7)
FN:87,(anonymous_8)
FN:95,(anonymous_9)
FN:100,(anonymous_10)
FN:109,(anonymous_11)
FN:114,(anonymous_12)
FN:122,(anonymous_13)
FN:136,(anonymous_14)
FN:141,(anonymous_15)
FN:147,(anonymous_16)
FNF:17
FNH:0
FNDA:0,close
FNDA:0,handleExport
FNDA:0,formatNumber
FNDA:0,(anonymous_3)
FNDA:0,(anonymous_4)
FNDA:0,(anonymous_5)
FNDA:0,(anonymous_6)
FNDA:0,(anonymous_7)
FNDA:0,(anonymous_8)
FNDA:0,(anonymous_9)
FNDA:0,(anonymous_10)
FNDA:0,(anonymous_11)
FNDA:0,(anonymous_12)
FNDA:0,(anonymous_13)
FNDA:0,(anonymous_14)
FNDA:0,(anonymous_15)
FNDA:0,(anonymous_16)
DA:31,6
DA:33,6
DA:35,6
DA:36,0
DA:42,6
DA:45,6
DA:46,6
DA:47,6
DA:58,0
DA:65,6
DA:66,0
DA:71,6
DA:72,0
DA:82,0
DA:91,6
DA:94,0
DA:98,6
DA:99,0
DA:108,0
DA:113,0
DA:118,0
DA:131,0
DA:139,6
DA:140,0
DA:145,6
DA:146,0
DA:155,6
DA:156,6
DA:157,6
DA:160,6
DA:161,6
DA:164,6
DA:165,6
DA:173,6
DA:174,6
DA:182,6
DA:210,0
DA:211,0
DA:214,0
DA:215,0
DA:216,0
DA:218,0
DA:221,0
DA:223,0
DA:251,0
DA:255,0
DA:258,0
DA:262,0
DA:263,0
DA:264,0
DA:267,0
LF:51
LH:23
BRDA:255,0,0,0
BRDA:255,0,1,0
BRDA:262,1,0,0
BRDA:262,1,1,0
BRDA:263,2,0,0
BRDA:263,2,1,0
BRDA:8,3,0,0
BRDA:8,3,1,0
BRDA:52,4,0,0
BRDA:52,4,1,0
BRDA:36,5,0,0
BRDA:36,5,1,0
BRDA:44,6,0,0
BRDA:44,6,1,0
BRDA:63,7,0,0
BRDA:63,7,1,0
BRDA:62,8,0,0
BRDA:62,8,1,0
BRDA:67,9,0,0
BRDA:67,9,1,0
BRDA:73,10,0,0
BRDA:73,10,1,0
BRDA:88,11,0,0
BRDA:88,11,1,0
BRDA:87,12,0,0
BRDA:87,12,1,0
BRDA:95,13,0,0
BRDA:95,13,1,0
BRDA:100,14,0,0
BRDA:100,14,1,0
BRDA:110,15,0,0
BRDA:110,15,1,0
BRDA:109,16,0,0
BRDA:109,16,1,0
BRDA:115,17,0,0
BRDA:115,17,1,0
BRDA:114,18,0,0
BRDA:114,18,1,0
BRDA:123,19,0,0
BRDA:123,19,1,0
BRDA:122,20,0,0
BRDA:122,20,1,0
BRDA:137,21,0,0
BRDA:137,21,1,0
BRDA:136,22,0,0
BRDA:136,22,1,0
BRDA:141,23,0,0
BRDA:141,23,1,0
BRDA:147,24,0,0
BRDA:147,24,1,0
BRDA:169,25,0,0
BRDA:169,25,1,0
BRDA:157,26,0,0
BRDA:157,26,1,0
BRDA:161,27,0,0
BRDA:161,27,1,0
BRDA:165,28,0,0
BRDA:165,28,1,0
BRDA:175,29,0,0
BRDA:175,29,1,0
BRDA:178,30,0,0
BRDA:178,30,1,0
BRDA:186,31,0,0
BRDA:186,31,1,0
BRDA:194,32,0,0
BRDA:194,32,1,0
BRF:66
BRH:0
end_of_record
TN:
SF:src\components\ProjectSelector.vue
FN:198,(anonymous_0)
FN:204,shortenPath
FN:220,(anonymous_2)
FN:228,toggleLanguage
FN:237,onToggleAutoOpen
FN:242,handleDrop
FN:265,selectProject
FN:281,openRecentProject
FN:291,removeProject
FN:300,clearAllHistory
FN:307,showContextMenu
FN:311,hideContextMenu
FN:316,copyProjectPath
FN:328,removeProjectFromMenu
FN:3,(anonymous_14)
FN:3,(anonymous_15)
FN:104,(anonymous_16)
FN:105,(anonymous_17)
FN:116,(anonymous_18)
FN:145,(anonymous_19)
FNF:20
FNH:10
FNDA:32,(anonymous_0)
FNDA:54,shortenPath
FNDA:25,(anonymous_2)
FNDA:0,toggleLanguage
FNDA:2,onToggleAutoOpen
FNDA:3,handleDrop
FNDA:12,selectProject
FNDA:4,openRecentProject
FNDA:0,removeProject
FNDA:0,clearAllHistory
FNDA:0,showContextMenu
FNDA:0,hideContextMenu
FNDA:0,copyProjectPath
FNDA:0,removeProjectFromMenu
FNDA:3,(anonymous_14)
FNDA:1,(anonymous_15)
FNDA:4,(anonymous_16)
FNDA:0,(anonymous_17)
FNDA:0,(anonymous_18)
FNDA:0,(anonymous_19)
DA:3,3
DA:13,3
DA:16,3
DA:31,3
DA:38,3
DA:45,3
DA:46,3
DA:52,3
DA:54,3
DA:65,3
DA:66,3
DA:67,3
DA:71,3
DA:82,3
DA:83,3
DA:84,3
DA:101,3
DA:104,4
DA:105,0
DA:113,3
DA:114,3
DA:116,0
DA:167,3
DA:182,25
DA:186,25
DA:187,25
DA:188,25
DA:189,25
DA:191,25
DA:198,32
DA:205,54
DA:207,0
DA:208,54
DA:210,54
DA:213,0
DA:214,0
DA:215,0
DA:217,0
DA:220,25
DA:221,25
DA:222,25
DA:224,0
DA:229,0
DA:230,0
DA:231,0
DA:238,2
DA:239,2
DA:243,3
DA:244,3
DA:245,3
DA:247,3
DA:248,3
DA:249,3
DA:250,3
DA:251,3
DA:253,2
DA:254,2
DA:255,2
DA:256,2
DA:258,2
DA:262,1
DA:266,12
DA:267,12
DA:268,10
DA:270,10
DA:271,10
DA:272,10
DA:275,2
DA:276,2
DA:277,2
DA:282,4
DA:283,4
DA:284,4
DA:286,0
DA:287,0
DA:292,0
DA:293,0
DA:294,0
DA:296,0
DA:301,0
DA:302,0
DA:303,0
DA:308,0
DA:312,0
DA:313,0
DA:317,0
DA:318,0
DA:319,0
DA:320,0
DA:322,0
DA:325,0
DA:329,0
DA:330,0
DA:332,0
DA:335,25
DA:336,25
LF:96
LH:64
BRDA:204,0,0,54
BRDA:205,1,0,54
BRDA:205,1,1,0
BRDA:207,2,0,0
BRDA:207,2,1,0
BRDA:210,3,0,0
BRDA:210,3,1,54
BRDA:217,4,0,0
BRDA:217,4,1,0
BRDA:229,5,0,0
BRDA:229,5,1,0
BRDA:232,6,0,0
BRDA:232,6,1,0
BRDA:245,7,0,0
BRDA:245,7,1,3
BRDA:249,8,0,3
BRDA:249,8,1,0
BRDA:251,9,0,2
BRDA:251,9,1,1
BRDA:255,10,0,2
BRDA:255,10,1,0
BRDA:268,11,0,0
BRDA:268,11,1,10
BRDA:268,12,0,10
BRDA:268,12,1,10
BRDA:271,13,0,10
BRDA:271,13,1,0
BRDA:271,14,0,10
BRDA:271,14,1,10
BRDA:276,15,0,2
BRDA:276,15,1,0
BRDA:301,16,0,0
BRDA:301,16,1,0
BRDA:317,17,0,0
BRDA:317,17,1,0
BRDA:329,18,0,0
BRDA:329,18,1,0
BRDA:335,19,0,25
BRDA:335,19,1,0
BRDA:3,20,0,55
BRDA:3,20,1,25
BRDA:3,21,0,55
BRDA:3,21,1,25
BRDA:4,22,0,55
BRDA:4,22,1,25
BRDA:19,23,0,55
BRDA:19,23,1,25
BRDA:19,24,0,55
BRDA:19,24,1,25
BRDA:26,25,0,55
BRDA:26,25,1,0
BRDA:31,26,0,55
BRDA:31,26,1,0
BRDA:68,27,0,55
BRDA:68,27,1,25
BRDA:91,28,0,44
BRDA:91,28,1,11
BRDA:102,29,0,44
BRDA:102,29,1,11
BRDA:145,30,0,0
BRDA:145,30,1,0
BRF:61
BRH:34
end_of_record
TN:
SF:src\components\VersionBadge.vue
FN:129,(anonymous_0)
FN:134,(anonymous_1)
FN:140,(anonymous_2)
FN:149,loadReleases
FN:173,expand
FN:180,collapse
FN:184,formatDate
FNF:7
FNH:3
FNDA:50,(anonymous_0)
FNDA:50,(anonymous_1)
FNDA:25,(anonymous_2)
FNDA:0,loadReleases
FNDA:0,expand
FNDA:0,collapse
FNDA:0,formatDate
DA:10,3
DA:15,3
DA:24,3
DA:25,3
DA:32,3
DA:33,3
DA:34,3
DA:46,3
DA:54,3
DA:60,3
DA:61,3
DA:66,3
DA:69,3
DA:70,3
DA:74,3
DA:119,25
DA:121,25
DA:122,25
DA:123,25
DA:124,25
DA:125,25
DA:126,25
DA:127,25
DA:129,25
DA:130,50
DA:131,50
DA:134,25
DA:135,50
DA:136,50
DA:137,25
DA:140,25
DA:141,25
DA:142,25
DA:143,25
DA:145,0
DA:150,0
DA:152,0
DA:153,0
DA:155,0
DA:156,0
DA:157,0
DA:158,0
DA:159,0
DA:160,0
DA:162,0
DA:163,0
DA:166,0
DA:167,0
DA:169,0
DA:174,0
DA:175,0
DA:176,0
DA:181,0
DA:185,0
DA:186,0
DA:187,0
LF:56
LH:34
BRDA:131,0,0,50
BRDA:131,0,1,25
BRDA:131,0,2,25
BRDA:136,1,0,25
BRDA:136,1,1,25
BRDA:137,2,0,0
BRDA:137,2,1,25
BRDA:150,3,0,0
BRDA:150,3,1,0
BRDA:160,4,0,0
BRDA:160,4,1,0
BRDA:162,5,0,0
BRDA:162,5,1,0
BRDA:167,6,0,0
BRDA:167,6,1,0
BRDA:175,7,0,0
BRDA:175,7,1,0
BRDA:175,8,0,0
BRDA:175,8,1,0
BRDA:185,9,0,0
BRDA:185,9,1,0
BRDA:187,10,0,0
BRDA:187,10,1,0
BRDA:9,11,0,25
BRDA:9,11,1,25
BRDA:16,12,0,0
BRDA:16,12,1,50
BRDA:51,13,0,0
BRDA:51,13,1,0
BRDA:56,14,0,0
BRDA:56,14,1,0
BRDA:61,15,0,0
BRDA:61,15,1,0
BRDA:71,16,0,0
BRDA:71,16,1,0
BRDA:72,17,0,0
BRDA:72,17,1,0
BRF:37
BRH:9
end_of_record
TN:
SF:src\components\ui\ToggleSwitch.vue
FN:35,toggle
FNF:1
FNH:0
FNDA:0,toggle
DA:26,0
DA:30,0
DA:36,0
DA:37,0
DA:38,0
DA:39,0
LF:6
LH:0
BRDA:36,0,0,0
BRDA:36,0,1,0
BRDA:6,1,0,0
BRDA:6,1,1,0
BRDA:6,2,0,0
BRDA:6,2,1,0
BRF:6
BRH:0
end_of_record
TN:
SF:src\components\ui\Tooltip.vue
FN:2,(anonymous_0)
FN:2,(anonymous_1)
FNF:2
FNH:0
FNDA:0,(anonymous_0)
FNDA:0,(anonymous_1)
DA:2,0
DA:20,0
LF:2
LH:0
BRDA:2,0,0,0
BRDA:2,0,1,0
BRDA:2,1,0,0
BRDA:2,1,1,0
BRDA:5,2,0,0
BRDA:5,2,1,0
BRF:6
BRH:0
end_of_record
TN:
SF:src\components\workspace\sidebar\export\FormatDropdown.vue
FN:80,(anonymous_0)
FN:81,(anonymous_1)
FN:84,selectFormat
FN:89,updateMenuPosition
FN:98,toggleDropdown
FN:105,handleClickOutside
FN:111,(anonymous_6)
FN:115,(anonymous_7)
FN:33,(anonymous_8)
FNF:9
FNH:0
FNDA:0,(anonymous_0)
FNDA:0,(anonymous_1)
FNDA:0,selectFormat
FNDA:0,updateMenuPosition
FNDA:0,toggleDropdown
FNDA:0,handleClickOutside
FNDA:0,(anonymous_6)
FNDA:0,(anonymous_7)
FNDA:0,(anonymous_8)
DA:10,6
DA:33,0
DA:38,6
DA:60,0
DA:62,0
DA:66,0
DA:70,0
DA:71,0
DA:72,0
DA:74,0
DA:80,0
DA:81,0
DA:85,0
DA:86,0
DA:90,0
DA:91,0
DA:92,0
DA:99,0
DA:100,0
DA:102,0
DA:106,0
DA:107,0
DA:111,0
DA:112,0
DA:115,0
DA:116,0
LF:26
LH:2
BRDA:81,0,0,0
BRDA:81,0,1,0
BRDA:90,1,0,0
BRDA:90,1,1,0
BRDA:99,2,0,0
BRDA:99,2,1,0
BRDA:106,3,0,0
BRDA:106,3,1,0
BRDA:106,4,0,0
BRDA:106,4,1,0
BRF:10
BRH:0
end_of_record
TN:
SF:src\composables\useContextMenu.ts
FN:10,useContextMenu
FN:15,show
FN:41,hide
FN:46,handleClickOutside
FN:53,handleEscape
FN:59,(anonymous_5)
FN:64,(anonymous_6)
FNF:7
FNH:0
FNDA:0,useContextMenu
FNDA:0,show
FNDA:0,hide
FNDA:0,handleClickOutside
FNDA:0,handleEscape
FNDA:0,(anonymous_5)
FNDA:0,(anonymous_6)
DA:11,0
DA:12,0
DA:13,0
DA:16,0
DA:19,0
DA:20,0
DA:21,0
DA:22,0
DA:24,0
DA:25,0
DA:28,0
DA:29,0
DA:33,0
DA:34,0
DA:37,0
DA:38,0
DA:42,0
DA:43,0
DA:47,0
DA:48,0
DA:49,0
DA:54,0
DA:55,0
DA:59,0
DA:60,0
DA:61,0
DA:64,0
DA:65,0
DA:66,0
DA:69,0
LF:30
LH:0
BRDA:28,0,0,0
BRDA:28,0,1,0
BRDA:33,1,0,0
BRDA:33,1,1,0
BRDA:48,2,0,0
BRDA:48,2,1,0
BRDA:54,3,0,0
BRDA:54,3,1,0
BRF:8
BRH:0
end_of_record
TN:
SF:src\composables\useErrorHandler.ts
FN:13,getErrorMessage
FN:45,handleError
FN:59,withRetry
FN:80,sleep
FN:81,(anonymous_4)
FN:87,useErrorHandler
FNF:6
FNH:5
FNDA:5,getErrorMessage
FNDA:2,handleError
FNDA:2,withRetry
FNDA:4,sleep
FNDA:4,(anonymous_4)
FNDA:0,useErrorHandler
DA:14,5
DA:16,5
DA:17,4
DA:19,4
DA:20,1
DA:22,3
DA:23,1
DA:25,2
DA:26,0
DA:28,2
DA:29,0
DA:32,2
DA:35,1
DA:36,0
DA:39,1
DA:46,2
DA:47,2
DA:49,2
DA:51,2
DA:52,1
DA:66,2
DA:67,6
DA:68,6
DA:70,5
DA:71,5
DA:72,4
DA:77,1
DA:81,4
DA:88,0
LF:29
LH:25
BRDA:16,0,0,4
BRDA:16,0,1,1
BRDA:19,1,0,1
BRDA:19,1,1,3
BRDA:19,2,0,4
BRDA:19,2,1,3
BRDA:22,3,0,1
BRDA:22,3,1,2
BRDA:22,4,0,3
BRDA:22,4,1,2
BRDA:25,5,0,0
BRDA:25,5,1,2
BRDA:28,6,0,0
BRDA:28,6,1,2
BRDA:28,7,0,2
BRDA:28,7,1,2
BRDA:35,8,0,0
BRDA:35,8,1,1
BRDA:45,9,0,2
BRDA:51,10,0,1
BRDA:51,10,1,1
BRDA:61,11,0,2
BRDA:62,12,0,2
BRDA:71,13,0,4
BRDA:71,13,1,1
BRF:25
BRH:22
end_of_record
TN:
SF:src\composables\useExport.ts
FN:16,useExport
FN:27,(anonymous_1)
FN:47,open
FN:62,close
FN:69,executeExport
FN:123,(anonymous_5)
FN:140,downloadBase64File
FNF:7
FNH:0
FNDA:0,useExport
FNDA:0,(anonymous_1)
FNDA:0,open
FNDA:0,close
FNDA:0,executeExport
FNDA:0,(anonymous_5)
FNDA:0,downloadBase64File
DA:8,6
DA:17,0
DA:18,0
DA:20,0
DA:21,0
DA:22,0
DA:23,0
DA:24,0
DA:27,0
DA:48,0
DA:49,0
DA:50,0
DA:53,0
DA:54,0
DA:55,0
DA:56,0
DA:63,0
DA:70,0
DA:71,0
DA:72,0
DA:75,0
DA:76,0
DA:78,0
DA:80,0
DA:83,0
DA:84,0
DA:108,0
DA:109,0
DA:112,0
DA:113,0
DA:114,0
DA:115,0
DA:116,0
DA:117,0
DA:119,0
DA:123,0
DA:124,0
DA:127,0
DA:129,0
DA:130,0
DA:131,0
DA:133,0
DA:141,0
DA:142,0
DA:143,0
DA:144,0
DA:146,0
DA:147,0
DA:149,0
DA:150,0
DA:151,0
DA:152,0
DA:153,0
DA:154,0
DA:155,0
DA:156,0
DA:159,0
LF:57
LH:1
BRDA:29,0,0,0
BRDA:29,0,1,0
BRDA:48,1,0,0
BRDA:48,1,1,0
BRDA:70,2,0,0
BRDA:70,2,1,0
BRDA:112,3,0,0
BRDA:112,3,1,0
BRDA:112,4,0,0
BRDA:112,4,1,0
BRDA:115,5,0,0
BRDA:115,5,1,0
BRDA:117,6,0,0
BRDA:117,6,1,0
BRDA:119,7,0,0
BRDA:119,7,1,0
BRDA:129,8,0,0
BRDA:129,8,1,0
BRF:18
BRH:0
end_of_record
TN:
SF:src\composables\useFileFilter.ts
FN:19,sortFoldersFirst
FN:39,(anonymous_1)
FN:47,(anonymous_2)
FN:59,useFileFilter
FN:68,(anonymous_4)
FN:89,setFilterExtensions
FN:94,clearFilters
FN:99,addIncludeExtension
FN:105,removeIncludeExtension
FN:112,addExcludeExtension
FN:118,removeExcludeExtension
FNF:11
FNH:11
FNDA:26,sortFoldersFirst
FNDA:18,(anonymous_1)
FNDA:41,(anonymous_2)
FNDA:72,useFileFilter
FNDA:24,(anonymous_4)
FNDA:11,setFilterExtensions
FNDA:69,clearFilters
FNDA:2,addIncludeExtension
FNDA:1,removeIncludeExtension
FNDA:1,addExcludeExtension
FNDA:1,removeExcludeExtension
DA:21,26
DA:22,26
DA:23,13
DA:24,13
DA:26,13
DA:27,1
DA:28,1
DA:31,12
DA:33,9
DA:34,9
DA:38,26
DA:40,18
DA:41,16
DA:42,14
DA:47,26
DA:48,41
DA:49,2
DA:51,2
DA:52,2
DA:55,39
DA:60,72
DA:61,72
DA:64,72
DA:65,72
DA:68,72
DA:69,24
DA:72,24
DA:73,15
DA:81,24
DA:82,24
DA:85,24
DA:90,11
DA:91,11
DA:95,69
DA:96,69
DA:100,2
DA:101,2
DA:106,1
DA:107,1
DA:108,1
DA:113,1
DA:114,1
DA:119,1
DA:120,1
DA:121,1
DA:125,72
LF:46
LH:46
BRDA:26,0,0,1
BRDA:26,0,1,12
BRDA:26,1,0,13
BRDA:26,1,1,11
BRDA:31,2,0,9
BRDA:31,2,1,3
BRDA:31,3,0,12
BRDA:31,3,1,12
BRDA:38,4,0,10
BRDA:38,4,1,16
BRDA:40,5,0,2
BRDA:40,5,1,16
BRDA:40,6,0,18
BRDA:40,6,1,5
BRDA:41,7,0,2
BRDA:41,7,1,14
BRDA:41,8,0,16
BRDA:41,8,1,13
BRDA:48,9,0,2
BRDA:48,9,1,39
BRDA:48,10,0,41
BRDA:48,10,1,11
BRDA:48,10,2,11
BRDA:51,11,0,2
BRDA:51,11,1,0
BRDA:72,12,0,15
BRDA:72,12,1,9
BRDA:72,13,0,24
BRDA:72,13,1,12
BRDA:81,14,0,24
BRDA:81,14,1,0
BRDA:89,15,0,11
BRDA:100,16,0,2
BRDA:100,16,1,0
BRDA:107,17,0,1
BRDA:107,17,1,0
BRDA:113,18,0,1
BRDA:113,18,1,0
BRDA:120,19,0,1
BRDA:120,19,1,0
BRF:40
BRH:34
end_of_record
TN:
SF:src\composables\useFileFuzzySearch.ts
FN:19,useFileFuzzySearch
FN:26,(anonymous_1)
FN:36,(anonymous_2)
FN:51,(anonymous_3)
FN:56,setSearchQuery
FN:60,clearSearch
FNF:6
FNH:2
FNDA:52,useFileFuzzySearch
FNDA:0,(anonymous_1)
FNDA:0,(anonymous_2)
FNDA:0,(anonymous_3)
FNDA:0,setSearchQuery
FNDA:68,clearSearch
DA:20,52
DA:23,52
DA:26,52
DA:27,0
DA:29,0
DA:32,0
DA:33,0
DA:34,0
DA:37,0
DA:44,0
DA:49,0
DA:51,0
DA:57,0
DA:61,68
DA:64,52
LF:15
LH:5
BRDA:20,0,0,52
BRDA:20,1,0,52
BRDA:27,2,0,0
BRDA:27,2,1,0
BRDA:32,3,0,0
BRDA:32,3,1,0
BRDA:37,4,0,0
BRDA:37,4,1,0
BRF:8
BRH:2
end_of_record
TN:
SF:src\composables\useFilePersistence.ts
FN:24,useFilePersistence
FN:32,saveSelectionToStorage
FN:45,debouncedSaveSelection
FN:49,(anonymous_3)
FN:55,loadSelectionFromStorage
FN:70,clearSelectionHistory
FN:76,(anonymous_6)
FN:79,(anonymous_7)
FN:86,getSelectionStats
FN:89,(anonymous_9)
FN:92,(anonymous_10)
FN:107,saveExpandedState
FN:112,(anonymous_12)
FN:125,debouncedSaveExpandedState
FN:129,(anonymous_14)
FN:135,loadExpandedState
FN:143,(anonymous_16)
FN:157,clearExpandedHistory
FN:163,(anonymous_18)
FN:166,(anonymous_19)
FN:174,dispose
FNF:21
FNH:2
FNDA:52,useFilePersistence
FNDA:0,saveSelectionToStorage
FNDA:0,debouncedSaveSelection
FNDA:0,(anonymous_3)
FNDA:0,loadSelectionFromStorage
FNDA:0,clearSelectionHistory
FNDA:0,(anonymous_6)
FNDA:0,(anonymous_7)
FNDA:0,getSelectionStats
FNDA:0,(anonymous_9)
FNDA:0,(anonymous_10)
FNDA:0,saveExpandedState
FNDA:0,(anonymous_12)
FNDA:0,debouncedSaveExpandedState
FNDA:0,(anonymous_14)
FNDA:0,loadExpandedState
FNDA:0,(anonymous_16)
FNDA:0,clearExpandedHistory
FNDA:0,(anonymous_18)
FNDA:0,(anonymous_19)
FNDA:68,dispose
DA:11,7
DA:20,7
DA:21,7
DA:22,7
DA:25,52
DA:28,52
DA:29,52
DA:33,0
DA:35,0
DA:36,0
DA:37,0
DA:38,0
DA:39,0
DA:41,0
DA:46,0
DA:47,0
DA:49,0
DA:50,0
DA:51,0
DA:56,0
DA:57,0
DA:58,0
DA:59,0
DA:60,0
DA:61,0
DA:62,0
DA:65,0
DA:67,0
DA:71,0
DA:72,0
DA:73,0
DA:74,0
DA:76,0
DA:77,0
DA:79,0
DA:82,0
DA:87,0
DA:88,0
DA:89,0
DA:90,0
DA:92,0
DA:93,0
DA:94,0
DA:95,0
DA:96,0
DA:97,0
DA:101,0
DA:103,0
DA:108,0
DA:110,0
DA:111,0
DA:112,0
DA:113,0
DA:114,0
DA:118,0
DA:119,0
DA:121,0
DA:126,0
DA:127,0
DA:129,0
DA:130,0
DA:131,0
DA:136,0
DA:138,0
DA:139,0
DA:140,0
DA:141,0
DA:142,0
DA:143,0
DA:144,0
DA:145,0
DA:146,0
DA:149,0
DA:152,0
DA:154,0
DA:158,0
DA:159,0
DA:160,0
DA:161,0
DA:163,0
DA:164,0
DA:166,0
DA:169,0
DA:175,68
DA:176,0
DA:177,0
DA:179,68
DA:180,0
DA:181,0
DA:185,52
LF:90
LH:10
BRDA:33,0,0,0
BRDA:33,0,1,0
BRDA:45,1,0,0
BRDA:46,2,0,0
BRDA:46,2,1,0
BRDA:59,3,0,0
BRDA:59,3,1,0
BRDA:72,4,0,0
BRDA:72,4,1,0
BRDA:95,5,0,0
BRDA:95,5,1,0
BRDA:108,6,0,0
BRDA:108,6,1,0
BRDA:113,7,0,0
BRDA:113,7,1,0
BRDA:113,8,0,0
BRDA:113,8,1,0
BRDA:125,9,0,0
BRDA:126,10,0,0
BRDA:126,10,1,0
BRDA:136,11,0,0
BRDA:136,11,1,0
BRDA:141,12,0,0
BRDA:141,12,1,0
BRDA:145,13,0,0
BRDA:145,13,1,0
BRDA:145,14,0,0
BRDA:145,14,1,0
BRDA:159,15,0,0
BRDA:159,15,1,0
BRDA:175,16,0,0
BRDA:175,16,1,68
BRDA:179,17,0,0
BRDA:179,17,1,68
BRF:34
BRH:2
end_of_record
TN:
SF:src\composables\useFileSelection.ts
FN:16,useFileSelection
FN:27,(anonymous_1)
FN:28,(anonymous_2)
FN:29,(anonymous_3)
FN:30,(anonymous_4)
FN:31,(anonymous_5)
FN:34,saveToHistory
FN:49,undoSelection
FN:59,redoSelection
FN:69,toggleSelect
FN:87,selectPath
FN:92,deselectPath
FN:97,selectMultiple
FN:98,(anonymous_13)
FN:102,clearSelection
FN:110,selectRecursive
FN:115,(anonymous_16)
FN:119,deselectRecursive
FN:124,(anonymous_18)
FN:129,toggleSelectRecursiveInternal
FN:134,(anonymous_20)
FN:139,(anonymous_21)
FN:141,(anonymous_22)
FN:145,toggleSelectRecursive
FN:151,selectByExtension
FN:156,(anonymous_25)
FN:164,getSelectedFileCountInNode
FN:166,(anonymous_27)
FN:169,isSelected
FN:173,getSelectionState
FNF:30
FNH:12
FNDA:56,useFileSelection
FNDA:1,(anonymous_1)
FNDA:5,(anonymous_2)
FNDA:8,(anonymous_3)
FNDA:0,(anonymous_4)
FNDA:0,(anonymous_5)
FNDA:4,saveToHistory
FNDA:0,undoSelection
FNDA:0,redoSelection
FNDA:3,toggleSelect
FNDA:1,selectPath
FNDA:0,deselectPath
FNDA:3,selectMultiple
FNDA:4,(anonymous_13)
FNDA:69,clearSelection
FNDA:2,selectRecursive
FNDA:6,(anonymous_16)
FNDA:0,deselectRecursive
FNDA:0,(anonymous_18)
FNDA:0,toggleSelectRecursiveInternal
FNDA:0,(anonymous_20)
FNDA:0,(anonymous_21)
FNDA:0,(anonymous_22)
FNDA:0,toggleSelectRecursive
FNDA:0,selectByExtension
FNDA:0,(anonymous_25)
FNDA:0,getSelectedFileCountInNode
FNDA:0,(anonymous_27)
FNDA:0,isSelected
FNDA:0,getSelectionState
DA:14,8
DA:17,56
DA:20,56
DA:23,56
DA:24,56
DA:27,56
DA:28,56
DA:29,56
DA:30,56
DA:31,56
DA:35,4
DA:36,4
DA:37,4
DA:40,4
DA:41,0
DA:43,4
DA:45,4
DA:50,0
DA:51,0
DA:52,0
DA:53,0
DA:54,0
DA:55,0
DA:60,0
DA:61,0
DA:62,0
DA:63,0
DA:64,0
DA:65,0
DA:70,3
DA:71,3
DA:73,3
DA:75,3
DA:76,0
DA:78,3
DA:79,1
DA:81,2
DA:84,3
DA:88,1
DA:89,1
DA:93,0
DA:94,0
DA:98,4
DA:99,3
DA:103,69
DA:104,1
DA:106,69
DA:107,69
DA:111,2
DA:112,2
DA:114,2
DA:115,6
DA:116,2
DA:120,0
DA:121,0
DA:123,0
DA:124,0
DA:125,0
DA:130,0
DA:131,0
DA:133,0
DA:134,0
DA:135,0
DA:138,0
DA:139,0
DA:141,0
DA:146,0
DA:147,0
DA:148,0
DA:156,0
DA:157,0
DA:158,0
DA:161,0
DA:165,0
DA:166,0
DA:170,0
DA:176,0
DA:177,0
DA:180,0
DA:181,0
DA:184,0
DA:185,0
DA:186,0
DA:189,0
DA:190,0
DA:191,0
DA:192,0
DA:196,0
DA:197,0
DA:198,0
DA:201,56
LF:91
LH:38
BRDA:40,0,0,0
BRDA:40,0,1,4
BRDA:50,1,0,0
BRDA:50,1,1,0
BRDA:60,2,0,0
BRDA:60,2,1,0
BRDA:71,3,0,0
BRDA:71,3,1,3
BRDA:75,4,0,0
BRDA:75,4,1,3
BRDA:78,5,0,1
BRDA:78,5,1,2
BRDA:103,6,0,1
BRDA:103,6,1,68
BRDA:112,7,0,0
BRDA:112,7,1,2
BRDA:121,8,0,0
BRDA:121,8,1,0
BRDA:131,9,0,0
BRDA:131,9,1,0
BRDA:131,10,0,0
BRDA:131,10,1,0
BRDA:138,11,0,0
BRDA:138,11,1,0
BRDA:157,12,0,0
BRDA:157,12,1,0
BRDA:157,13,0,0
BRDA:157,13,1,0
BRDA:176,14,0,0
BRDA:176,14,1,0
BRDA:177,15,0,0
BRDA:177,15,1,0
BRDA:180,16,0,0
BRDA:180,16,1,0
BRDA:185,17,0,0
BRDA:185,17,1,0
BRDA:186,18,0,0
BRDA:186,18,1,0
BRDA:191,19,0,0
BRDA:191,19,1,0
BRDA:196,20,0,0
BRDA:196,20,1,0
BRDA:197,21,0,0
BRDA:197,21,1,0
BRF:44
BRH:8
end_of_record
TN:
SF:src\composables\useFileTree.ts
FN:20,useFileTree
FN:33,(anonymous_1)
FN:41,(anonymous_2)
FN:46,(anonymous_3)
FN:57,setFileTree
FN:75,removeNode
FN:76,(anonymous_6)
FN:82,(anonymous_7)
FN:119,findNode
FN:123,nodeExists
FN:127,toggleExpand
FN:136,expandPath
FN:143,collapsePath
FN:150,expandRecursive
FN:154,(anonymous_14)
FN:165,collapseRecursive
FN:169,(anonymous_16)
FN:180,expandAll
FN:181,(anonymous_18)
FN:188,collapseAll
FN:189,(anonymous_20)
FN:196,getExpandedPaths
FN:198,(anonymous_22)
FN:206,restoreExpandedPaths
FN:208,(anonymous_24)
FN:215,getAllFilesInNode
FN:219,getRecursiveFileCount
FN:224,isDirectory
FN:229,getNodesByPaths
FN:233,walk
FN:249,getAvailableExtensions
FN:252,collectExtensions
FN:268,setRootPath
FN:274,autoExpand
FN:278,getMemoryUsage
FN:282,(anonymous_35)
FN:284,(anonymous_36)
FN:298,clearCaches
FN:304,reset
FNF:39
FNH:14
FNDA:57,useFileTree
FNDA:0,(anonymous_1)
FNDA:0,(anonymous_2)
FNDA:0,(anonymous_3)
FNDA:10,setFileTree
FNDA:6,removeNode
FNDA:12,(anonymous_6)
FNDA:3,(anonymous_7)
FNDA:8,findNode
FNDA:0,nodeExists
FNDA:2,toggleExpand
FNDA:0,expandPath
FNDA:0,collapsePath
FNDA:0,expandRecursive
FNDA:0,(anonymous_14)
FNDA:0,collapseRecursive
FNDA:0,(anonymous_16)
FNDA:0,expandAll
FNDA:0,(anonymous_18)
FNDA:0,collapseAll
FNDA:0,(anonymous_20)
FNDA:10,getExpandedPaths
FNDA:0,(anonymous_22)
FNDA:0,restoreExpandedPaths
FNDA:0,(anonymous_24)
FNDA:15,getAllFilesInNode
FNDA:0,getRecursiveFileCount
FNDA:0,isDirectory
FNDA:0,getNodesByPaths
FNDA:0,walk
FNDA:0,getAvailableExtensions
FNDA:0,collectExtensions
FNDA:0,setRootPath
FNDA:0,autoExpand
FNDA:1,getMemoryUsage
FNDA:3,(anonymous_35)
FNDA:6,(anonymous_36)
FNDA:68,clearCaches
FNDA:68,reset
DA:22,57
DA:23,57
DA:24,57
DA:25,57
DA:28,57
DA:29,57
DA:30,57
DA:33,57
DA:34,0
DA:35,0
DA:36,0
DA:38,0
DA:41,57
DA:42,0
DA:43,0
DA:46,57
DA:47,0
DA:48,0
DA:51,0
DA:52,0
DA:53,0
DA:58,10
DA:59,10
DA:62,10
DA:63,10
DA:64,10
DA:67,10
DA:70,10
DA:71,0
DA:76,6
DA:77,12
DA:78,11
DA:80,5
DA:81,2
DA:82,3
DA:84,3
DA:86,5
DA:87,5
DA:89,6
DA:90,6
DA:91,5
DA:95,1
DA:98,6
DA:99,6
DA:101,5
DA:102,5
DA:106,5
DA:108,5
DA:109,5
DA:111,5
DA:114,5
DA:116,6
DA:120,8
DA:124,0
DA:128,2
DA:129,2
DA:130,2
DA:137,0
DA:138,0
DA:139,0
DA:144,0
DA:145,0
DA:146,0
DA:151,0
DA:152,0
DA:154,0
DA:155,0
DA:156,0
DA:157,0
DA:158,0
DA:162,0
DA:166,0
DA:167,0
DA:169,0
DA:170,0
DA:171,0
DA:172,0
DA:173,0
DA:177,0
DA:181,0
DA:182,0
DA:183,0
DA:189,0
DA:190,0
DA:191,0
DA:197,10
DA:198,10
DA:199,0
DA:200,0
DA:203,10
DA:207,0
DA:208,0
DA:209,0
DA:210,0
DA:216,15
DA:220,0
DA:221,0
DA:225,0
DA:226,0
DA:230,0
DA:231,0
DA:234,0
DA:235,0
DA:236,0
DA:237,0
DA:239,0
DA:240,0
DA:245,0
DA:246,0
DA:250,0
DA:253,0
DA:254,0
DA:255,0
DA:256,0
DA:258,0
DA:259,0
DA:264,0
DA:265,0
DA:269,0
DA:270,0
DA:271,0
DA:275,0
DA:279,1
DA:280,1
DA:282,1
DA:283,3
DA:284,3
DA:285,6
DA:288,1
DA:290,1
DA:291,1
DA:292,1
DA:293,1
DA:295,1
DA:299,68
DA:300,68
DA:301,68
DA:305,68
DA:306,68
DA:307,68
DA:308,68
DA:309,68
DA:312,57
LF:143
LH:69
BRDA:34,0,0,0
BRDA:34,0,1,0
BRDA:35,1,0,0
BRDA:35,1,1,0
BRDA:42,2,0,0
BRDA:42,2,1,0
BRDA:43,3,0,0
BRDA:43,3,1,0
BRDA:47,4,0,0
BRDA:47,4,1,0
BRDA:47,5,0,0
BRDA:47,5,1,0
BRDA:51,6,0,0
BRDA:51,6,1,0
BRDA:70,7,0,0
BRDA:70,7,1,10
BRDA:78,8,0,5
BRDA:78,8,1,6
BRDA:80,9,0,2
BRDA:80,9,1,3
BRDA:89,10,0,6
BRDA:89,10,1,0
BRDA:90,11,0,5
BRDA:90,11,1,1
BRDA:99,12,0,5
BRDA:99,12,1,1
BRDA:106,13,0,5
BRDA:106,13,1,0
BRDA:108,14,0,5
BRDA:108,14,1,0
BRDA:129,15,0,2
BRDA:129,15,1,0
BRDA:129,16,0,2
BRDA:129,16,1,2
BRDA:138,17,0,0
BRDA:138,17,1,0
BRDA:138,18,0,0
BRDA:138,18,1,0
BRDA:145,19,0,0
BRDA:145,19,1,0
BRDA:145,20,0,0
BRDA:145,20,1,0
BRDA:152,21,0,0
BRDA:152,21,1,0
BRDA:152,22,0,0
BRDA:152,22,1,0
BRDA:155,23,0,0
BRDA:155,23,1,0
BRDA:157,24,0,0
BRDA:157,24,1,0
BRDA:167,25,0,0
BRDA:167,25,1,0
BRDA:167,26,0,0
BRDA:167,26,1,0
BRDA:170,27,0,0
BRDA:170,27,1,0
BRDA:172,28,0,0
BRDA:172,28,1,0
BRDA:182,29,0,0
BRDA:182,29,1,0
BRDA:190,30,0,0
BRDA:190,30,1,0
BRDA:199,31,0,0
BRDA:199,31,1,0
BRDA:199,32,0,0
BRDA:199,32,1,0
BRDA:209,33,0,0
BRDA:209,33,1,0
BRDA:220,34,0,0
BRDA:220,34,1,0
BRDA:226,35,0,0
BRDA:226,35,1,0
BRDA:235,36,0,0
BRDA:235,36,1,0
BRDA:237,37,0,0
BRDA:237,37,1,0
BRDA:239,38,0,0
BRDA:239,38,1,0
BRDA:254,39,0,0
BRDA:254,39,1,0
BRDA:254,40,0,0
BRDA:254,40,1,0
BRDA:258,41,0,0
BRDA:258,41,1,0
BRDA:274,42,0,0
BRDA:285,43,0,2
BRDA:285,43,1,4
BRDA:291,44,0,1
BRDA:291,44,1,1
BRF:89
BRH:19
end_of_record
TN:
SF:src\composables\useI18n.ts
FN:15,plural
FN:29,useI18n
FN:30,(anonymous_2)
FN:45,(anonymous_3)
FN:50,(anonymous_4)
FNF:5
FNH:5
FNDA:18,plural
FNDA:54,useI18n
FNDA:600,(anonymous_2)
FNDA:4,(anonymous_3)
FNDA:27,(anonymous_4)
DA:6,6
DA:16,18
DA:17,18
DA:18,18
DA:20,18
DA:21,3
DA:23,15
DA:24,5
DA:26,10
DA:30,54
DA:31,600
DA:32,600
DA:33,600
DA:36,600
DA:37,0
DA:38,0
DA:42,600
DA:45,54
DA:46,4
DA:47,4
DA:50,54
DA:52,54
LF:22
LH:20
BRDA:6,0,0,6
BRDA:6,0,1,6
BRDA:20,1,0,3
BRDA:20,1,1,15
BRDA:20,2,0,18
BRDA:20,2,1,5
BRDA:23,3,0,5
BRDA:23,3,1,10
BRDA:23,4,0,15
BRDA:23,4,1,10
BRDA:23,4,2,9
BRDA:23,4,3,6
BRDA:33,5,0,600
BRDA:33,5,1,52
BRDA:36,6,0,0
BRDA:36,6,1,600
BRF:16
BRH:15
end_of_record
TN:
SF:src\composables\useKeyboardShortcuts.ts
FN:36,useKeyboardShortcuts
FN:37,handleKeydown
FN:72,(anonymous_2)
FN:76,(anonymous_3)
FNF:4
FNH:4
FNDA:12,useKeyboardShortcuts
FNDA:17,handleKeydown
FNDA:12,(anonymous_2)
FNDA:12,(anonymous_3)
DA:39,17
DA:40,17
DA:44,17
DA:46,22
DA:47,1
DA:51,21
DA:52,2
DA:55,19
DA:56,22
DA:57,22
DA:59,22
DA:65,14
DA:66,14
DA:67,14
DA:72,12
DA:73,12
DA:76,12
DA:77,12
DA:80,12
LF:19
LH:19
BRDA:40,0,0,17
BRDA:40,0,1,15
BRDA:40,0,2,15
BRDA:46,1,0,1
BRDA:46,1,1,21
BRDA:46,2,0,22
BRDA:46,2,1,2
BRDA:51,3,0,2
BRDA:51,3,1,19
BRDA:51,4,0,21
BRDA:51,4,1,4
BRDA:55,5,0,15
BRDA:55,5,1,4
BRDA:55,6,0,15
BRDA:55,6,1,1
BRDA:55,7,0,4
BRDA:55,7,1,3
BRDA:56,8,0,1
BRDA:56,8,1,18
BRDA:57,9,0,1
BRDA:57,9,1,18
BRDA:59,10,0,14
BRDA:59,10,1,8
BRDA:60,11,0,22
BRDA:60,11,1,15
BRDA:60,11,2,14
BRDA:60,11,3,14
BRF:27
BRH:27
end_of_record
TN:
SF:src\composables\useLogger.ts
FN:30,useLogger
FN:34,(anonymous_1)
FN:39,(anonymous_2)
FN:44,(anonymous_3)
FN:47,(anonymous_4)
FNF:5
FNH:4
FNDA:113,useLogger
FNDA:5,(anonymous_1)
FNDA:0,(anonymous_2)
FNDA:2,(anonymous_3)
FNDA:1,(anonymous_4)
DA:6,11
DA:31,113
DA:33,113
DA:35,5
DA:36,5
DA:40,0
DA:41,0
DA:45,2
DA:48,1
LF:9
LH:7
BRDA:35,0,0,5
BRDA:35,0,1,0
BRDA:40,1,0,0
BRDA:40,1,1,0
BRF:4
BRH:1
end_of_record
TN:
SF:src\composables\useUndoRedo.ts
FN:8,useUndoRedo
FN:12,(anonymous_1)
FN:13,(anonymous_2)
FN:14,(anonymous_3)
FN:16,push
FN:31,undo
FN:39,redo
FN:47,clear
FN:52,reset
FN:61,(anonymous_9)
FNF:10
FNH:8
FNDA:6,useUndoRedo
FNDA:4,(anonymous_1)
FNDA:4,(anonymous_2)
FNDA:2,(anonymous_3)
FNDA:38,push
FNDA:3,undo
FNDA:1,redo
FNDA:0,clear
FNDA:0,reset
FNDA:4,(anonymous_9)
DA:9,6
DA:10,6
DA:12,6
DA:13,6
DA:14,6
DA:18,38
DA:19,38
DA:22,38
DA:23,11
DA:25,27
DA:28,38
DA:32,3
DA:33,3
DA:34,3
DA:36,0
DA:40,1
DA:41,1
DA:42,1
DA:44,0
DA:48,0
DA:49,0
DA:53,0
DA:54,0
DA:57,6
DA:61,4
LF:25
LH:19
BRDA:8,0,0,6
BRDA:22,1,0,11
BRDA:22,1,1,27
BRDA:32,2,0,3
BRDA:32,2,1,0
BRDA:40,3,0,1
BRDA:40,3,1,0
BRF:7
BRH:5
end_of_record
TN:
SF:src\composables\useVirtualTree.ts
FN:24,useVirtualTree
FN:27,(anonymous_1)
FN:30,flatten
FN:35,(anonymous_3)
FN:61,(anonymous_4)
FNF:5
FNH:0
FNDA:0,useVirtualTree
FNDA:0,(anonymous_1)
FNDA:0,flatten
FNDA:0,(anonymous_3)
FNDA:0,(anonymous_4)
DA:25,0
DA:27,0
DA:28,0
DA:35,0
DA:36,0
DA:38,0
DA:47,0
DA:48,0
DA:57,0
DA:58,0
DA:61,0
DA:63,0
LF:12
LH:0
BRDA:47,0,0,0
BRDA:47,0,1,0
BRDA:47,1,0,0
BRDA:47,1,1,0
BRDA:47,1,2,0
BRF:5
BRH:0
end_of_record
TN:
SF:src\config\constants.ts
FNF:0
FNH:0
DA:6,8
DA:17,8
DA:24,8
DA:33,8
DA:41,8
DA:49,8
DA:57,8
DA:64,8
DA:69,8
DA:79,8
LF:10
LH:10
BRF:0
BRH:0
end_of_record
TN:
SF:src\features\ai-chat\index.ts
FNF:0
FNH:0
LF:0
LH:0
BRF:0
BRH:0
end_of_record
TN:
SF:src\features\ai-chat\composables\useChatMessages.ts
FN:55,useChatMessages
FN:72,(anonymous_1)
FN:73,(anonymous_2)
FN:74,(anonymous_3)
FN:75,(anonymous_4)
FN:76,(anonymous_5)
FN:88,sendSmartMessage
FN:122,analyzeAndSuggestFiles
FN:132,(anonymous_8)
FN:160,executeChat
FN:205,confirmSmartContext
FN:222,cancelSmartContext
FN:226,clearChat
FN:231,toggleToolCalls
FN:240,stopGeneration
FN:248,copyMessage
FN:253,initialize
FN:257,cleanup
FNF:18
FNH:0
FNDA:0,useChatMessages
FNDA:0,(anonymous_1)
FNDA:0,(anonymous_2)
FNDA:0,(anonymous_3)
FNDA:0,(anonymous_4)
FNDA:0,(anonymous_5)
FNDA:0,sendSmartMessage
FNDA:0,analyzeAndSuggestFiles
FNDA:0,(anonymous_8)
FNDA:0,executeChat
FNDA:0,confirmSmartContext
FNDA:0,cancelSmartContext
FNDA:0,clearChat
FNDA:0,toggleToolCalls
FNDA:0,stopGeneration
FNDA:0,copyMessage
FNDA:0,initialize
FNDA:0,cleanup
DA:56,0
DA:57,0
DA:58,0
DA:59,0
DA:60,0
DA:63,0
DA:64,0
DA:65,0
DA:66,0
DA:67,0
DA:68,0
DA:69,0
DA:72,0
DA:73,0
DA:74,0
DA:75,0
DA:76,0
DA:89,0
DA:91,0
DA:94,0
DA:95,0
DA:96,0
DA:99,0
DA:100,0
DA:101,0
DA:105,0
DA:108,0
DA:109,0
DA:110,0
DA:111,0
DA:115,0
DA:116,0
DA:123,0
DA:124,0
DA:125,0
DA:131,0
DA:132,0
DA:138,0
DA:140,0
DA:146,0
DA:148,0
DA:151,0
DA:153,0
DA:161,0
DA:163,0
DA:170,0
DA:171,0
DA:173,0
DA:174,0
DA:176,0
DA:177,0
DA:178,0
DA:180,0
DA:187,0
DA:188,0
DA:190,0
DA:191,0
DA:200,0
DA:201,0
DA:206,0
DA:208,0
DA:209,0
DA:212,0
DA:213,0
DA:216,0
DA:218,0
DA:223,0
DA:227,0
DA:228,0
DA:232,0
DA:233,0
DA:235,0
DA:237,0
DA:241,0
DA:242,0
DA:243,0
DA:245,0
DA:249,0
DA:250,0
DA:258,0
DA:261,0
LF:81
LH:0
BRDA:72,0,0,0
BRDA:72,0,1,0
BRDA:76,1,0,0
BRDA:76,1,1,0
BRDA:89,2,0,0
BRDA:89,2,1,0
BRDA:89,3,0,0
BRDA:89,3,1,0
BRDA:94,4,0,0
BRDA:94,4,1,0
BRDA:99,5,0,0
BRDA:99,5,1,0
BRDA:108,6,0,0
BRDA:108,6,1,0
BRDA:127,7,0,0
BRDA:127,7,1,0
BRDA:131,8,0,0
BRDA:131,8,1,0
BRDA:131,9,0,0
BRDA:131,9,1,0
BRDA:134,10,0,0
BRDA:134,10,1,0
BRDA:135,11,0,0
BRDA:135,11,1,0
BRDA:177,12,0,0
BRDA:177,12,1,0
BRDA:190,13,0,0
BRDA:190,13,1,0
BRDA:206,14,0,0
BRDA:206,14,1,0
BRDA:232,15,0,0
BRDA:232,15,1,0
BRDA:241,16,0,0
BRDA:241,16,1,0
BRF:34
BRH:0
end_of_record
TN:
SF:src\features\ai-chat\composables\useMentions.ts
FN:22,useMentions
FN:33,processFilesMention
FN:74,processGitMention
FN:103,(anonymous_3)
FN:133,processProblemsMention
FN:145,processMention
FN:169,processMessageMentions
FNF:7
FNH:7
FNDA:9,useMentions
FNDA:4,processFilesMention
FNDA:4,processGitMention
FNDA:2,(anonymous_3)
FNDA:1,processProblemsMention
FNDA:3,processMention
FNDA:3,processMessageMentions
DA:23,9
DA:24,9
DA:25,9
DA:26,9
DA:28,9
DA:34,4
DA:36,4
DA:37,1
DA:38,1
DA:45,3
DA:46,3
DA:47,3
DA:49,3
DA:50,3
DA:52,3
DA:59,0
DA:60,0
DA:61,0
DA:67,3
DA:75,4
DA:77,4
DA:78,0
DA:79,0
DA:86,4
DA:87,4
DA:89,4
DA:91,3
DA:92,2
DA:93,2
DA:94,2
DA:103,2
DA:106,1
DA:108,1
DA:109,1
DA:111,1
DA:118,1
DA:119,1
DA:120,1
DA:126,4
DA:134,1
DA:135,1
DA:149,3
DA:151,2
DA:153,1
DA:155,0
DA:157,0
DA:173,3
DA:174,3
DA:177,3
DA:178,2
DA:179,2
DA:180,2
DA:184,3
DA:185,1
DA:186,1
DA:187,1
DA:191,3
DA:192,0
DA:193,0
DA:194,0
DA:197,3
DA:203,9
LF:62
LH:52
BRDA:36,0,0,1
BRDA:36,0,1,3
BRDA:77,1,0,0
BRDA:77,1,1,4
BRDA:91,2,0,2
BRDA:91,2,1,1
BRDA:91,3,0,3
BRDA:91,3,1,3
BRDA:149,4,0,2
BRDA:149,4,1,1
BRDA:149,4,2,0
BRDA:149,4,3,0
BRDA:177,5,0,2
BRDA:177,5,1,1
BRDA:184,6,0,1
BRDA:184,6,1,2
BRDA:191,7,0,0
BRDA:191,7,1,3
BRF:18
BRH:14
end_of_record
TN:
SF:src\features\ai-chat\model\chat.store.ts
FN:42,(anonymous_0)
FN:56,(anonymous_1)
FN:57,(anonymous_2)
FN:60,getStorageKey
FN:67,sendMessage
FN:121,streamMessage
FN:145,(anonymous_6)
FN:175,clearChat
FN:181,loadHistory
FN:194,saveChat
FN:207,(anonymous_10)
FN:213,(anonymous_11)
FN:230,loadChat
FN:231,(anonymous_13)
FN:238,deleteMessage
FN:239,(anonymous_15)
FN:242,editMessage
FN:243,(anonymous_17)
FN:249,stopStreaming
FN:255,deleteChat
FN:256,(anonymous_20)
FNF:21
FNH:6
FNDA:5,(anonymous_0)
FNDA:0,(anonymous_1)
FNDA:0,(anonymous_2)
FNDA:5,getStorageKey
FNDA:4,sendMessage
FNDA:0,streamMessage
FNDA:0,(anonymous_6)
FNDA:1,clearChat
FNDA:1,loadHistory
FNDA:4,saveChat
FNDA:0,(anonymous_10)
FNDA:0,(anonymous_11)
FNDA:0,loadChat
FNDA:0,(anonymous_13)
FNDA:0,deleteMessage
FNDA:0,(anonymous_15)
FNDA:0,editMessage
FNDA:0,(anonymous_17)
FNDA:0,stopStreaming
FNDA:0,deleteChat
FNDA:0,(anonymous_20)
DA:11,2
DA:39,2
DA:40,2
DA:42,2
DA:43,5
DA:44,5
DA:45,5
DA:48,5
DA:49,5
DA:50,5
DA:51,5
DA:52,5
DA:53,5
DA:56,5
DA:57,5
DA:61,5
DA:62,5
DA:63,5
DA:68,4
DA:69,4
DA:72,4
DA:75,4
DA:76,4
DA:86,4
DA:94,4
DA:96,4
DA:97,4
DA:99,4
DA:107,4
DA:108,4
DA:110,0
DA:112,0
DA:122,0
DA:130,0
DA:131,0
DA:132,0
DA:135,0
DA:141,0
DA:142,0
DA:145,0
DA:146,0
DA:147,0
DA:148,0
DA:149,0
DA:151,0
DA:152,0
DA:153,0
DA:154,0
DA:156,0
DA:157,0
DA:158,0
DA:159,0
DA:163,0
DA:165,0
DA:166,0
DA:167,0
DA:169,0
DA:170,0
DA:171,0
DA:176,1
DA:177,1
DA:178,1
DA:182,1
DA:183,1
DA:184,1
DA:185,1
DA:186,1
DA:187,1
DA:190,0
DA:195,4
DA:197,4
DA:198,4
DA:199,4
DA:200,4
DA:202,4
DA:207,0
DA:213,4
DA:214,4
DA:215,0
DA:217,4
DA:221,4
DA:222,4
DA:224,4
DA:226,0
DA:231,0
DA:232,0
DA:233,0
DA:234,0
DA:239,0
DA:243,0
DA:244,0
DA:245,0
DA:250,0
DA:251,0
DA:256,0
DA:257,0
DA:258,0
DA:260,0
DA:261,0
DA:265,5
LF:100
LH:52
BRDA:61,0,0,5
BRDA:61,0,1,0
BRDA:69,1,0,4
BRDA:69,1,1,0
BRDA:79,2,0,0
BRDA:79,2,1,4
BRDA:147,3,0,0
BRDA:147,3,1,0
BRDA:151,4,0,0
BRDA:151,4,1,0
BRDA:156,5,0,0
BRDA:156,5,1,0
BRDA:185,6,0,1
BRDA:185,6,1,0
BRDA:195,7,0,0
BRDA:195,7,1,4
BRDA:199,8,0,4
BRDA:199,8,1,4
BRDA:200,9,0,4
BRDA:200,9,1,0
BRDA:206,10,0,0
BRDA:206,10,1,4
BRDA:207,11,0,0
BRDA:207,11,1,0
BRDA:214,12,0,0
BRDA:214,12,1,4
BRDA:232,13,0,0
BRDA:232,13,1,0
BRDA:244,14,0,0
BRDA:244,14,1,0
BRDA:260,15,0,0
BRDA:260,15,1,0
BRF:32
BRH:10
end_of_record
TN:
SF:src\features\ai-chat\ui\ChangePreviewModal.vue
FN:112,(anonymous_0)
FN:126,getFileName
FN:130,getOperationClass
FN:139,getOperationIcon
FN:148,highlightDiff
FN:151,(anonymous_5)
FN:169,escapeHtml
FN:176,handleApplyAll
FN:183,handleDiscardAll
FN:20,(anonymous_9)
FN:34,(anonymous_10)
FN:74,(anonymous_11)
FNF:12
FNH:0
FNDA:0,(anonymous_0)
FNDA:0,getFileName
FNDA:0,getOperationClass
FNDA:0,getOperationIcon
FNDA:0,highlightDiff
FNDA:0,(anonymous_5)
FNDA:0,escapeHtml
FNDA:0,handleApplyAll
FNDA:0,handleDiscardAll
FNDA:0,(anonymous_9)
FNDA:0,(anonymous_10)
FNDA:0,(anonymous_11)
DA:2,1
DA:5,1
DA:6,1
DA:13,1
DA:16,1
DA:20,0
DA:28,1
DA:31,0
DA:34,0
DA:40,1
DA:44,1
DA:46,1
DA:51,1
DA:53,1
DA:59,1
DA:65,1
DA:73,1
DA:74,0
DA:95,0
DA:100,0
DA:101,0
DA:103,0
DA:104,0
DA:105,0
DA:108,0
DA:109,0
DA:112,0
DA:113,0
DA:114,0
DA:115,0
DA:118,0
DA:119,0
DA:120,0
DA:122,0
DA:127,0
DA:131,0
DA:132,0
DA:133,0
DA:134,0
DA:135,0
DA:140,0
DA:141,0
DA:142,0
DA:143,0
DA:144,0
DA:149,0
DA:152,0
DA:153,0
DA:155,0
DA:156,0
DA:158,0
DA:159,0
DA:161,0
DA:162,0
DA:164,0
DA:170,0
DA:177,0
DA:178,0
DA:179,0
DA:184,0
DA:185,0
LF:61
LH:14
BRDA:108,0,0,0
BRDA:108,0,1,0
BRDA:113,1,0,0
BRDA:113,1,1,0
BRDA:127,2,0,0
BRDA:127,2,1,0
BRDA:131,3,0,0
BRDA:131,3,1,0
BRDA:131,3,2,0
BRDA:131,3,3,0
BRDA:140,4,0,0
BRDA:140,4,1,0
BRDA:140,4,2,0
BRDA:140,4,3,0
BRDA:152,5,0,0
BRDA:152,5,1,0
BRDA:152,6,0,0
BRDA:152,6,1,0
BRDA:155,7,0,0
BRDA:155,7,1,0
BRDA:155,8,0,0
BRDA:155,8,1,0
BRDA:158,9,0,0
BRDA:158,9,1,0
BRDA:161,10,0,0
BRDA:161,10,1,0
BRDA:161,11,0,0
BRDA:161,11,1,0
BRDA:161,11,2,0
BRDA:178,12,0,0
BRDA:178,12,1,0
BRDA:20,13,0,0
BRDA:20,13,1,0
BRDA:35,14,0,0
BRDA:35,14,1,0
BRDA:52,15,0,0
BRDA:52,15,1,0
BRDA:52,16,0,0
BRDA:52,16,1,0
BRDA:55,17,0,0
BRDA:55,17,1,0
BRDA:57,18,0,0
BRDA:57,18,1,0
BRDA:74,19,0,0
BRDA:74,19,1,0
BRF:45
BRH:0
end_of_record
TN:
SF:src\features\ai-chat\ui\ChatPanel.vue
FN:123,(anonymous_0)
FN:127,handleSend
FN:140,scrollToBottom
FN:141,(anonymous_3)
FN:148,onChangesApplied
FN:152,(anonymous_5)
FN:152,(anonymous_6)
FN:20,(anonymous_7)
FN:26,(anonymous_8)
FN:85,(anonymous_9)
FN:102,(anonymous_10)
FNF:11
FNH:0
FNDA:0,(anonymous_0)
FNDA:0,handleSend
FNDA:0,scrollToBottom
FNDA:0,(anonymous_3)
FNDA:0,onChangesApplied
FNDA:0,(anonymous_5)
FNDA:0,(anonymous_6)
FNDA:0,(anonymous_7)
FNDA:0,(anonymous_8)
FNDA:0,(anonymous_9)
FNDA:0,(anonymous_10)
DA:2,1
DA:4,1
DA:5,1
DA:11,1
DA:17,1
DA:20,0
DA:26,0
DA:43,1
DA:44,1
DA:45,1
DA:46,1
DA:47,1
DA:57,0
DA:72,1
DA:77,1
DA:78,1
DA:80,0
DA:96,1
DA:102,0
DA:116,0
DA:117,0
DA:118,0
DA:119,0
DA:120,0
DA:121,0
DA:123,0
DA:124,0
DA:128,0
DA:130,0
DA:131,0
DA:133,0
DA:134,0
DA:137,0
DA:141,0
DA:142,0
DA:143,0
DA:149,0
DA:152,0
DA:153,0
LF:39
LH:14
BRDA:124,0,0,0
BRDA:124,0,1,0
BRDA:128,1,0,0
BRDA:128,1,1,0
BRDA:142,2,0,0
BRDA:142,2,1,0
BRDA:12,3,0,0
BRDA:12,3,1,0
BRDA:19,4,0,0
BRDA:19,4,1,0
BRDA:20,5,0,0
BRDA:20,5,1,0
BRDA:26,6,0,0
BRDA:26,6,1,0
BRDA:26,7,0,0
BRDA:26,7,1,0
BRDA:66,8,0,0
BRDA:66,8,1,0
BRDA:85,9,0,0
BRDA:85,9,1,0
BRDA:101,10,0,0
BRDA:101,10,1,0
BRDA:102,11,0,0
BRDA:102,11,1,0
BRF:24
BRH:0
end_of_record
TN:
SF:src\features\ai-chat\ui\MessageItem.vue
FN:90,(anonymous_0)
FN:97,formatTime
FN:102,copyToClipboard
FN:113,(anonymous_3)
FN:129,(anonymous_4)
FN:48,(anonymous_5)
FN:55,(anonymous_6)
FNF:7
FNH:0
FNDA:0,(anonymous_0)
FNDA:0,formatTime
FNDA:0,copyToClipboard
FNDA:0,(anonymous_3)
FNDA:0,(anonymous_4)
FNDA:0,(anonymous_5)
FNDA:0,(anonymous_6)
DA:7,1
DA:24,1
DA:25,1
DA:26,1
DA:29,1
DA:32,1
DA:37,1
DA:48,0
DA:55,0
DA:77,0
DA:84,0
DA:85,0
DA:86,0
DA:87,0
DA:90,0
DA:91,0
DA:92,0
DA:93,0
DA:98,0
DA:99,0
DA:104,0
DA:105,0
DA:106,0
DA:109,0
DA:110,0
DA:111,0
DA:112,0
DA:113,0
DA:114,0
DA:115,0
DA:119,0
DA:120,0
DA:121,0
DA:122,0
DA:123,0
DA:124,0
DA:125,0
DA:126,0
DA:127,0
DA:128,0
DA:129,0
DA:130,0
DA:131,0
DA:134,0
DA:136,0
LF:45
LH:7
BRDA:91,0,0,0
BRDA:91,0,1,0
BRDA:104,1,0,0
BRDA:104,1,1,0
BRDA:2,2,0,0
BRDA:2,2,1,0
BRDA:8,3,0,0
BRDA:8,3,1,0
BRDA:12,4,0,0
BRDA:12,4,1,0
BRDA:14,5,0,0
BRDA:14,5,1,0
BRDA:19,6,0,0
BRDA:19,6,1,0
BRDA:27,7,0,0
BRDA:27,7,1,0
BRDA:43,8,0,0
BRDA:43,8,1,0
BRDA:48,9,0,0
BRDA:48,9,1,0
BRDA:55,10,0,0
BRDA:55,10,1,0
BRF:22
BRH:0
end_of_record
TN:
SF:src\features\context\index.ts
FNF:0
FNH:0
LF:0
LH:0
BRF:0
BRH:0
end_of_record
TN:
SF:src\features\context\api\context.api.ts
FN:25,(anonymous_0)
FN:44,(anonymous_1)
FN:53,(anonymous_2)
FN:62,(anonymous_3)
FN:71,(anonymous_4)
FN:78,(anonymous_5)
FNF:6
FNH:0
FNDA:0,(anonymous_0)
FNDA:0,(anonymous_1)
FNDA:0,(anonymous_2)
FNDA:0,(anonymous_3)
FNDA:0,(anonymous_4)
FNDA:0,(anonymous_5)
DA:5,6
DA:30,0
DA:31,0
DA:33,0
DA:36,0
DA:37,0
DA:40,0
DA:45,0
DA:46,0
DA:48,0
DA:49,0
DA:54,0
DA:55,0
DA:57,0
DA:58,0
DA:63,0
DA:64,0
DA:66,0
DA:67,0
DA:72,0
DA:73,0
DA:74,0
DA:75,0
DA:78,0
DA:83,0
DA:84,0
DA:89,6
LF:27
LH:2
BRDA:36,0,0,0
BRDA:36,0,1,0
BRDA:36,1,0,0
BRDA:36,1,1,0
BRDA:75,2,0,0
BRDA:75,2,1,0
BRDA:80,3,0,0
BRDA:80,3,1,0
BRDA:80,3,2,0
BRF:9
BRH:0
end_of_record
TN:
SF:src\features\context\composables\useChunking.ts
FN:15,useChunking
FN:24,(anonymous_1)
FN:25,(anonymous_2)
FN:26,(anonymous_3)
FN:29,(anonymous_4)
FN:30,(anonymous_5)
FN:31,(anonymous_6)
FN:32,(anonymous_7)
FN:34,(anonymous_8)
FN:42,calculateChunks
FN:52,(anonymous_10)
FN:70,calculateSmartChunks
FN:122,calculateHardChunks
FN:164,setChunks
FN:173,goToChunk
FN:179,nextChunk
FN:185,prevChunk
FN:194,markCopied
FN:199,(anonymous_18)
FN:208,resetCopyState
FN:216,isChunkCopied
FN:223,getChunkBoundaries
FN:229,(anonymous_22)
FNF:23
FNH:0
FNDA:0,useChunking
FNDA:0,(anonymous_1)
FNDA:0,(anonymous_2)
FNDA:0,(anonymous_3)
FNDA:0,(anonymous_4)
FNDA:0,(anonymous_5)
FNDA:0,(anonymous_6)
FNDA:0,(anonymous_7)
FNDA:0,(anonymous_8)
FNDA:0,calculateChunks
FNDA:0,(anonymous_10)
FNDA:0,calculateSmartChunks
FNDA:0,calculateHardChunks
FNDA:0,setChunks
FNDA:0,goToChunk
FNDA:0,nextChunk
FNDA:0,prevChunk
FNDA:0,markCopied
FNDA:0,(anonymous_18)
FNDA:0,resetCopyState
FNDA:0,isChunkCopied
FNDA:0,getChunkBoundaries
FNDA:0,(anonymous_22)
DA:16,0
DA:19,0
DA:20,0
DA:21,0
DA:24,0
DA:25,0
DA:26,0
DA:29,0
DA:30,0
DA:31,0
DA:32,0
DA:34,0
DA:35,0
DA:47,0
DA:48,0
DA:52,0
DA:56,0
DA:57,0
DA:59,0
DA:61,0
DA:64,0
DA:67,0
DA:76,0
DA:77,0
DA:78,0
DA:79,0
DA:82,0
DA:84,0
DA:85,0
DA:86,0
DA:89,0
DA:90,0
DA:91,0
DA:95,0
DA:96,0
DA:102,0
DA:103,0
DA:106,0
DA:110,0
DA:111,0
DA:119,0
DA:126,0
DA:127,0
DA:128,0
DA:129,0
DA:131,0
DA:132,0
DA:134,0
DA:135,0
DA:141,0
DA:142,0
DA:145,0
DA:149,0
DA:150,0
DA:158,0
DA:165,0
DA:166,0
DA:167,0
DA:174,0
DA:175,0
DA:180,0
DA:181,0
DA:186,0
DA:187,0
DA:195,0
DA:197,0
DA:199,0
DA:200,0
DA:209,0
DA:210,0
DA:217,0
DA:224,0
DA:227,0
DA:229,0
DA:232,0
LF:75
LH:0
BRDA:35,0,0,0
BRDA:35,0,1,0
BRDA:47,1,0,0
BRDA:47,1,1,0
BRDA:47,2,0,0
BRDA:47,2,1,0
BRDA:59,3,0,0
BRDA:59,3,1,0
BRDA:59,4,0,0
BRDA:59,4,1,0
BRDA:91,5,0,0
BRDA:91,5,1,0
BRDA:95,6,0,0
BRDA:95,6,1,0
BRDA:95,7,0,0
BRDA:95,7,1,0
BRDA:110,8,0,0
BRDA:110,8,1,0
BRDA:110,9,0,0
BRDA:110,9,1,0
BRDA:132,10,0,0
BRDA:132,10,1,0
BRDA:134,11,0,0
BRDA:134,11,1,0
BRDA:134,12,0,0
BRDA:134,12,1,0
BRDA:149,13,0,0
BRDA:149,13,1,0
BRDA:149,14,0,0
BRDA:149,14,1,0
BRDA:174,15,0,0
BRDA:174,15,1,0
BRDA:174,16,0,0
BRDA:174,16,1,0
BRDA:180,17,0,0
BRDA:180,17,1,0
BRDA:186,18,0,0
BRDA:186,18,1,0
BRDA:194,19,0,0
BRDA:197,20,0,0
BRDA:197,20,1,0
BRDA:197,21,0,0
BRDA:197,21,1,0
BRDA:224,22,0,0
BRDA:224,22,1,0
BRF:45
BRH:0
end_of_record
TN:
SF:src\features\context\composables\useContextCleanup.ts
FN:26,getNonFavoritesSorted
FN:28,(anonymous_1)
FN:29,(anonymous_2)
FN:39,getContextsToDeleteByLimit
FN:55,getContextsToDeleteByAge
FN:64,(anonymous_5)
FN:73,performAutoCleanup
FN:122,useContextCleanup
FNF:8
FNH:0
FNDA:0,getNonFavoritesSorted
FNDA:0,(anonymous_1)
FNDA:0,(anonymous_2)
FNDA:0,getContextsToDeleteByLimit
FNDA:0,getContextsToDeleteByAge
FNDA:0,(anonymous_5)
FNDA:0,performAutoCleanup
FNDA:0,useContextCleanup
DA:10,6
DA:27,0
DA:28,0
DA:30,0
DA:31,0
DA:32,0
DA:43,0
DA:44,0
DA:46,0
DA:47,0
DA:49,0
DA:59,0
DA:61,0
DA:62,0
DA:64,0
DA:65,0
DA:66,0
DA:77,0
DA:78,0
DA:80,0
DA:85,0
DA:86,0
DA:90,0
DA:91,0
DA:92,0
DA:93,0
DA:94,0
DA:95,0
DA:97,0
DA:102,0
DA:103,0
DA:105,0
DA:107,0
DA:108,0
DA:109,0
DA:110,0
DA:112,0
DA:116,0
DA:123,0
LF:39
LH:1
BRDA:30,0,0,0
BRDA:30,0,1,0
BRDA:31,1,0,0
BRDA:31,1,1,0
BRDA:44,2,0,0
BRDA:44,2,1,0
BRDA:59,3,0,0
BRDA:59,3,1,0
BRDA:65,4,0,0
BRDA:65,4,1,0
BRDA:85,5,0,0
BRDA:85,5,1,0
BRDA:105,6,0,0
BRDA:105,6,1,0
BRF:14
BRH:0
end_of_record
TN:
SF:src\features\context\composables\useContextContent.ts
FN:29,useContextContent
FN:38,clearCache
FN:45,isCached
FN:52,getCachedContent
FN:62,loadFullContent
FN:91,loadChunk
FN:116,getMemoryUsage
FNF:7
FNH:2
FNDA:43,useContextContent
FNDA:68,clearCache
FNDA:0,isCached
FNDA:0,getCachedContent
FNDA:0,loadFullContent
FNDA:0,loadChunk
FNDA:0,getMemoryUsage
DA:10,6
DA:12,6
DA:30,43
DA:39,68
DA:46,0
DA:53,0
DA:54,0
DA:56,0
DA:64,0
DA:65,0
DA:66,0
DA:67,0
DA:70,0
DA:71,0
DA:74,0
DA:75,0
DA:76,0
DA:77,0
DA:81,0
DA:82,0
DA:84,0
DA:96,0
DA:97,0
DA:99,0
DA:103,0
DA:105,0
DA:117,0
DA:119,0
DA:122,43
LF:29
LH:5
BRDA:46,0,0,0
BRDA:46,0,1,0
BRDA:53,1,0,0
BRDA:53,1,1,0
BRDA:65,2,0,0
BRDA:65,2,1,0
BRDA:74,3,0,0
BRDA:74,3,1,0
BRDA:93,4,0,0
BRDA:94,5,0,0
BRDA:99,6,0,0
BRDA:99,6,1,0
BRDA:117,7,0,0
BRDA:117,7,1,0
BRF:14
BRH:0
end_of_record
TN:
SF:src\features\context\composables\useContextDragDrop.ts
FN:3,useContextDragDrop
FN:7,handleDragOver
FN:16,handleDragLeave
FN:24,handleDrop
FN:33,(anonymous_4)
FNF:5
FNH:0
FNDA:0,useContextDragDrop
FNDA:0,handleDragOver
FNDA:0,handleDragLeave
FNDA:0,handleDrop
FNDA:0,(anonymous_4)
DA:4,0
DA:5,0
DA:8,0
DA:9,0
DA:11,0
DA:12,0
DA:17,0
DA:18,0
DA:19,0
DA:20,0
DA:25,0
DA:26,0
DA:28,0
DA:31,0
DA:32,0
DA:33,0
DA:34,0
DA:35,0
DA:39,0
DA:42,0
LF:20
LH:0
BRDA:11,0,0,0
BRDA:11,0,1,0
BRDA:11,1,0,0
BRDA:11,1,1,0
BRDA:18,2,0,0
BRDA:18,2,1,0
BRDA:28,3,0,0
BRDA:28,3,1,0
BRDA:32,4,0,0
BRDA:32,4,1,0
BRDA:34,5,0,0
BRDA:34,5,1,0
BRF:12
BRH:0
end_of_record
TN:
SF:src\features\context\composables\useContextList.ts
FN:13,useContextList
FN:43,(anonymous_1)
FN:44,(anonymous_2)
FN:48,(anonymous_3)
FN:48,(anonymous_4)
FN:51,(anonymous_5)
FN:57,(anonymous_6)
FN:62,(anonymous_7)
FN:66,(anonymous_8)
FN:86,formatSize
FN:90,formatTimestamp
FN:95,refresh
FN:104,toggleSelect
FN:113,clearSelection
FN:119,toggleFavorite
FN:124,startRename
FN:127,(anonymous_16)
FN:134,handleKeydown
FN:141,(anonymous_18)
FN:158,saveRename
FN:166,cancelRename
FN:172,copyContext
FN:186,copySelectedContext
FN:211,duplicateContext
FN:223,exportContext
FN:232,confirmDelete
FN:239,deleteSelected
FN:248,executeDelete
FN:269,closeDeleteModal
FN:274,mergeSelected
FN:294,handleDragStart
FN:302,handleDragOver
FN:310,handleDragLeave
FN:314,handleDrop
FN:323,handleDragEnd
FNF:35
FNH:0
FNDA:0,useContextList
FNDA:0,(anonymous_1)
FNDA:0,(anonymous_2)
FNDA:0,(anonymous_3)
FNDA:0,(anonymous_4)
FNDA:0,(anonymous_5)
FNDA:0,(anonymous_6)
FNDA:0,(anonymous_7)
FNDA:0,(anonymous_8)
FNDA:0,formatSize
FNDA:0,formatTimestamp
FNDA:0,refresh
FNDA:0,toggleSelect
FNDA:0,clearSelection
FNDA:0,toggleFavorite
FNDA:0,startRename
FNDA:0,(anonymous_16)
FNDA:0,handleKeydown
FNDA:0,(anonymous_18)
FNDA:0,saveRename
FNDA:0,cancelRename
FNDA:0,copyContext
FNDA:0,copySelectedContext
FNDA:0,duplicateContext
FNDA:0,exportContext
FNDA:0,confirmDelete
FNDA:0,deleteSelected
FNDA:0,executeDelete
FNDA:0,closeDeleteModal
FNDA:0,mergeSelected
FNDA:0,handleDragStart
FNDA:0,handleDragOver
FNDA:0,handleDragLeave
FNDA:0,handleDrop
FNDA:0,handleDragEnd
DA:9,6
DA:14,0
DA:15,0
DA:16,0
DA:17,0
DA:20,0
DA:21,0
DA:22,0
DA:23,0
DA:24,0
DA:25,0
DA:26,0
DA:27,0
DA:30,0
DA:31,0
DA:34,0
DA:42,0
DA:43,0
DA:44,0
DA:48,0
DA:51,0
DA:52,0
DA:55,0
DA:56,0
DA:57,0
DA:61,0
DA:62,0
DA:66,0
DA:68,0
DA:69,0
DA:71,0
DA:73,0
DA:75,0
DA:78,0
DA:82,0
DA:87,0
DA:91,0
DA:96,0
DA:97,0
DA:99,0
DA:105,0
DA:106,0
DA:108,0
DA:110,0
DA:114,0
DA:115,0
DA:120,0
DA:125,0
DA:126,0
DA:127,0
DA:128,0
DA:129,0
DA:135,0
DA:136,0
DA:137,0
DA:139,0
DA:140,0
DA:141,0
DA:142,0
DA:144,0
DA:145,0
DA:146,0
DA:148,0
DA:149,0
DA:150,0
DA:152,0
DA:153,0
DA:154,0
DA:159,0
DA:160,0
DA:161,0
DA:163,0
DA:167,0
DA:168,0
DA:173,0
DA:174,0
DA:175,0
DA:177,0
DA:178,0
DA:179,0
DA:181,0
DA:182,0
DA:187,0
DA:188,0
DA:189,0
DA:190,0
DA:191,0
DA:192,0
DA:193,0
DA:194,0
DA:195,0
DA:197,0
DA:198,0
DA:200,0
DA:201,0
DA:202,0
DA:204,0
DA:205,0
DA:212,0
DA:213,0
DA:214,0
DA:215,0
DA:218,0
DA:224,0
DA:225,0
DA:227,0
DA:233,0
DA:234,0
DA:235,0
DA:236,0
DA:240,0
DA:242,0
DA:243,0
DA:244,0
DA:245,0
DA:249,0
DA:250,0
DA:251,0
DA:252,0
DA:253,0
DA:254,0
DA:255,0
DA:257,0
DA:258,0
DA:261,0
DA:263,0
DA:264,0
DA:265,0
DA:270,0
DA:275,0
DA:276,0
DA:277,0
DA:280,0
DA:281,0
DA:282,0
DA:283,0
DA:284,0
DA:285,0
DA:286,0
DA:289,0
DA:295,0
DA:296,0
DA:297,0
DA:298,0
DA:303,0
DA:304,0
DA:305,0
DA:307,0
DA:311,0
DA:315,0
DA:316,0
DA:317,0
DA:319,0
DA:320,0
DA:324,0
DA:325,0
DA:328,0
LF:157
LH:1
BRDA:55,0,0,0
BRDA:55,0,1,0
BRDA:57,1,0,0
BRDA:57,1,1,0
BRDA:61,2,0,0
BRDA:61,2,1,0
BRDA:68,3,0,0
BRDA:68,3,1,0
BRDA:68,4,0,0
BRDA:68,4,1,0
BRDA:69,5,0,0
BRDA:69,5,1,0
BRDA:69,6,0,0
BRDA:69,6,1,0
BRDA:71,7,0,0
BRDA:71,7,1,0
BRDA:71,7,2,0
BRDA:71,7,3,0
BRDA:73,8,0,0
BRDA:73,8,1,0
BRDA:73,9,0,0
BRDA:73,9,1,0
BRDA:78,10,0,0
BRDA:78,10,1,0
BRDA:78,11,0,0
BRDA:78,11,1,0
BRDA:105,12,0,0
BRDA:105,12,1,0
BRDA:126,13,0,0
BRDA:126,13,1,0
BRDA:135,14,0,0
BRDA:135,14,1,0
BRDA:135,15,0,0
BRDA:135,15,1,0
BRDA:139,16,0,0
BRDA:139,16,1,0
BRDA:139,17,0,0
BRDA:139,17,1,0
BRDA:139,17,2,0
BRDA:139,17,3,0
BRDA:144,18,0,0
BRDA:144,18,1,0
BRDA:144,19,0,0
BRDA:144,19,1,0
BRDA:144,19,2,0
BRDA:144,19,3,0
BRDA:148,20,0,0
BRDA:148,20,1,0
BRDA:148,21,0,0
BRDA:148,21,1,0
BRDA:148,21,2,0
BRDA:148,21,3,0
BRDA:152,22,0,0
BRDA:152,22,1,0
BRDA:159,23,0,0
BRDA:159,23,1,0
BRDA:174,24,0,0
BRDA:174,24,1,0
BRDA:187,25,0,0
BRDA:187,25,1,0
BRDA:190,26,0,0
BRDA:190,26,1,0
BRDA:194,27,0,0
BRDA:194,27,1,0
BRDA:214,28,0,0
BRDA:214,28,1,0
BRDA:235,29,0,0
BRDA:235,29,1,0
BRDA:240,30,0,0
BRDA:240,30,1,0
BRDA:250,31,0,0
BRDA:250,31,1,0
BRDA:253,32,0,0
BRDA:253,32,1,0
BRDA:275,33,0,0
BRDA:275,33,1,0
BRDA:283,34,0,0
BRDA:283,34,1,0
BRDA:296,35,0,0
BRDA:296,35,1,0
BRDA:304,36,0,0
BRDA:304,36,1,0
BRDA:316,37,0,0
BRDA:316,37,1,0
BRDA:316,38,0,0
BRDA:316,38,1,0
BRF:86
BRH:0
end_of_record
TN:
SF:src\features\context\composables\useContextMetadata.ts
FN:21,saveContextMetadata
FN:23,(anonymous_1)
FN:37,loadContextMetadata
FN:45,(anonymous_3)
FN:59,useContextMetadata
FNF:5
FNH:0
FNDA:0,saveContextMetadata
FNDA:0,(anonymous_1)
FNDA:0,loadContextMetadata
FNDA:0,(anonymous_3)
FNDA:0,useContextMetadata
DA:10,6
DA:22,0
DA:23,0
DA:28,0
DA:30,0
DA:38,0
DA:39,0
DA:40,0
DA:42,0
DA:44,0
DA:45,0
DA:46,0
DA:47,0
DA:48,0
DA:52,0
DA:60,0
LF:16
LH:1
BRDA:40,0,0,0
BRDA:40,0,1,0
BRDA:46,1,0,0
BRDA:46,1,1,0
BRF:4
BRH:0
end_of_record
TN:
SF:src\features\context\composables\useContextOperations.ts
FN:32,duplicateContextContent
FN:38,(anonymous_1)
FN:67,mergeContextsContent
FN:86,(anonymous_3)
FN:117,reorderContextList
FN:131,createContextSummary
FN:153,useContextOperations
FNF:7
FNH:0
FNDA:0,duplicateContextContent
FNDA:0,(anonymous_1)
FNDA:0,mergeContextsContent
FNDA:0,(anonymous_3)
FNDA:0,reorderContextList
FNDA:0,createContextSummary
FNDA:0,useContextOperations
DA:10,6
DA:36,0
DA:37,0
DA:38,0
DA:40,0
DA:41,0
DA:42,0
DA:45,0
DA:46,0
DA:47,0
DA:49,0
DA:59,0
DA:60,0
DA:72,0
DA:73,0
DA:74,0
DA:77,0
DA:78,0
DA:79,0
DA:80,0
DA:82,0
DA:83,0
DA:84,0
DA:86,0
DA:87,0
DA:88,0
DA:89,0
DA:94,0
DA:95,0
DA:97,0
DA:98,0
DA:99,0
DA:100,0
DA:102,0
DA:109,0
DA:110,0
DA:122,0
DA:123,0
DA:124,0
DA:125,0
DA:137,0
DA:138,0
DA:154,0
LF:43
LH:1
BRDA:40,0,0,0
BRDA:40,0,1,0
BRDA:72,1,0,0
BRDA:72,1,1,0
BRDA:87,2,0,0
BRDA:87,2,1,0
BRDA:89,3,0,0
BRDA:89,3,1,0
BRDA:99,4,0,0
BRDA:99,4,1,0
BRF:10
BRH:0
end_of_record
TN:
SF:src\features\context\composables\useContextSearch.ts
FN:10,useContextSearch
FN:19,(anonymous_1)
FN:30,(anonymous_2)
FN:45,(anonymous_3)
FN:47,(anonymous_4)
FN:53,setLineRef
FN:59,isLineHighlighted
FN:64,scrollToLine
FN:65,(anonymous_8)
FN:73,searchNext
FN:79,searchPrev
FN:85,toggleSearch
FN:89,closeSearch
FNF:13
FNH:0
FNDA:0,useContextSearch
FNDA:0,(anonymous_1)
FNDA:0,(anonymous_2)
FNDA:0,(anonymous_3)
FNDA:0,(anonymous_4)
FNDA:0,setLineRef
FNDA:0,isLineHighlighted
FNDA:0,scrollToLine
FNDA:0,(anonymous_8)
FNDA:0,searchNext
FNDA:0,searchPrev
FNDA:0,toggleSearch
FNDA:0,closeSearch
DA:11,0
DA:12,0
DA:13,0
DA:14,0
DA:15,0
DA:16,0
DA:19,0
DA:20,0
DA:21,0
DA:22,0
DA:23,0
DA:24,0
DA:27,0
DA:28,0
DA:30,0
DA:31,0
DA:32,0
DA:36,0
DA:37,0
DA:39,0
DA:40,0
DA:45,0
DA:46,0
DA:47,0
DA:49,0
DA:54,0
DA:55,0
DA:60,0
DA:65,0
DA:66,0
DA:67,0
DA:68,0
DA:74,0
DA:75,0
DA:76,0
DA:80,0
DA:81,0
DA:82,0
DA:86,0
DA:90,0
DA:93,0
LF:41
LH:0
BRDA:21,0,0,0
BRDA:21,0,1,0
BRDA:21,1,0,0
BRDA:21,1,1,0
BRDA:31,2,0,0
BRDA:31,2,1,0
BRDA:39,3,0,0
BRDA:39,3,1,0
BRDA:46,4,0,0
BRDA:46,4,1,0
BRDA:54,5,0,0
BRDA:54,5,1,0
BRDA:54,6,0,0
BRDA:54,6,1,0
BRDA:54,6,2,0
BRDA:60,7,0,0
BRDA:60,7,1,0
BRDA:67,8,0,0
BRDA:67,8,1,0
BRDA:74,9,0,0
BRDA:74,9,1,0
BRDA:80,10,0,0
BRDA:80,10,1,0
BRF:23
BRH:0
end_of_record
TN:
SF:src\features\context\composables\useSyntaxHighlight.ts
FN:7,getCacheKey
FN:11,addToCache
FN:21,clearHighlightCache
FN:25,escapeHtml
FN:32,escapeRegex
FN:36,highlightXml
FN:45,highlightMarkdown
FN:55,highlightJson
FN:62,highlightPlain
FN:69,applySyntaxHighlight
FN:82,highlightLine
FNF:11
FNH:1
FNDA:0,getCacheKey
FNDA:0,addToCache
FNDA:68,clearHighlightCache
FNDA:0,escapeHtml
FNDA:0,escapeRegex
FNDA:0,highlightXml
FNDA:0,highlightMarkdown
FNDA:0,highlightJson
FNDA:0,highlightPlain
FNDA:0,applySyntaxHighlight
FNDA:0,highlightLine
DA:4,6
DA:5,6
DA:8,0
DA:13,0
DA:14,0
DA:15,0
DA:17,0
DA:22,68
DA:26,0
DA:33,0
DA:37,0
DA:46,0
DA:47,0
DA:49,0
DA:50,0
DA:52,0
DA:56,0
DA:63,0
DA:64,0
DA:66,0
DA:70,0
DA:72,0
DA:74,0
DA:76,0
DA:78,0
DA:84,0
DA:85,0
DA:86,0
DA:87,0
DA:90,0
DA:93,0
DA:96,0
DA:97,0
DA:98,0
DA:99,0
DA:103,0
DA:105,0
LF:37
LH:3
BRDA:8,0,0,0
BRDA:8,0,1,0
BRDA:13,1,0,0
BRDA:13,1,1,0
BRDA:15,2,0,0
BRDA:15,2,1,0
BRDA:46,3,0,0
BRDA:46,3,1,0
BRDA:46,4,0,0
BRDA:46,4,1,0
BRDA:49,5,0,0
BRDA:49,5,1,0
BRDA:63,6,0,0
BRDA:63,6,1,0
BRDA:63,7,0,0
BRDA:63,7,1,0
BRDA:70,8,0,0
BRDA:70,8,1,0
BRDA:70,8,2,0
BRDA:70,8,3,0
BRDA:86,9,0,0
BRDA:86,9,1,0
BRDA:96,10,0,0
BRDA:96,10,1,0
BRF:24
BRH:0
end_of_record
TN:
SF:src\features\context\lib\context-naming.ts
FN:34,analyzeFiles
FN:57,(anonymous_1)
FN:67,generateSmartName
FN:73,(anonymous_3)
FN:74,(anonymous_4)
FN:99,(anonymous_5)
FNF:6
FNH:0
FNDA:0,analyzeFiles
FNDA:0,(anonymous_1)
FNDA:0,generateSmartName
FNDA:0,(anonymous_3)
FNDA:0,(anonymous_4)
FNDA:0,(anonymous_5)
DA:6,6
DA:35,0
DA:36,0
DA:37,0
DA:39,0
DA:40,0
DA:41,0
DA:42,0
DA:45,0
DA:46,0
DA:47,0
DA:51,0
DA:52,0
DA:53,0
DA:57,0
DA:58,0
DA:61,0
DA:68,0
DA:70,0
DA:73,0
DA:74,0
DA:77,0
DA:78,0
DA:79,0
DA:82,0
DA:85,0
DA:86,0
DA:87,0
DA:90,0
DA:91,0
DA:92,0
DA:95,0
DA:99,0
DA:100,0
DA:104,0
DA:105,0
DA:109,0
DA:111,0
LF:38
LH:1
BRDA:45,0,0,0
BRDA:45,0,1,0
BRDA:46,1,0,0
BRDA:46,1,1,0
BRDA:47,2,0,0
BRDA:47,2,1,0
BRDA:51,3,0,0
BRDA:51,3,1,0
BRDA:53,4,0,0
BRDA:53,4,1,0
BRDA:58,5,0,0
BRDA:58,5,1,0
BRDA:58,5,2,0
BRDA:68,6,0,0
BRDA:68,6,1,0
BRDA:68,7,0,0
BRDA:68,7,1,0
BRDA:77,8,0,0
BRDA:77,8,1,0
BRDA:79,9,0,0
BRDA:79,9,1,0
BRDA:85,10,0,0
BRDA:85,10,1,0
BRDA:85,11,0,0
BRDA:85,11,1,0
BRDA:87,12,0,0
BRDA:87,12,1,0
BRDA:89,13,0,0
BRDA:89,13,1,0
BRDA:91,14,0,0
BRDA:91,14,1,0
BRDA:92,15,0,0
BRDA:92,15,1,0
BRDA:94,16,0,0
BRDA:94,16,1,0
BRDA:99,17,0,0
BRDA:99,17,1,0
BRDA:100,18,0,0
BRDA:100,18,1,0
BRDA:104,19,0,0
BRDA:104,19,1,0
BRDA:104,20,0,0
BRDA:104,20,1,0
BRF:43
BRH:0
end_of_record
TN:
SF:src\features\context\lib\context-utils.ts
FN:16,estimateTokens
FN:21,formatContextSize
FN:29,validateContextOptions
FN:50,calculateContextStats
FN:70,splitContextIntoChunks
FN:96,formatTimestamp
FNF:6
FNH:0
FNDA:0,estimateTokens
FNDA:0,formatContextSize
FNDA:0,validateContextOptions
FNDA:0,calculateContextStats
FNDA:0,splitContextIntoChunks
FNDA:0,formatTimestamp
DA:18,0
DA:22,0
DA:23,0
DA:24,0
DA:25,0
DA:26,0
DA:30,0
DA:32,0
DA:33,0
DA:36,0
DA:37,0
DA:40,0
DA:41,0
DA:44,0
DA:51,0
DA:52,0
DA:53,0
DA:55,0
DA:56,0
DA:57,0
DA:58,0
DA:59,0
DA:62,0
DA:71,0
DA:72,0
DA:73,0
DA:74,0
DA:76,0
DA:77,0
DA:79,0
DA:80,0
DA:81,0
DA:82,0
DA:85,0
DA:86,0
DA:89,0
DA:90,0
DA:93,0
DA:97,0
DA:98,0
DA:99,0
DA:100,0
DA:102,0
DA:103,0
DA:105,0
DA:106,0
DA:108,0
DA:109,0
DA:111,0
LF:49
LH:0
BRDA:22,0,0,0
BRDA:22,0,1,0
BRDA:32,1,0,0
BRDA:32,1,1,0
BRDA:32,2,0,0
BRDA:32,2,1,0
BRDA:36,3,0,0
BRDA:36,3,1,0
BRDA:36,4,0,0
BRDA:36,4,1,0
BRDA:40,5,0,0
BRDA:40,5,1,0
BRDA:40,6,0,0
BRDA:40,6,1,0
BRDA:51,7,0,0
BRDA:51,7,1,0
BRDA:52,8,0,0
BRDA:52,8,1,0
BRDA:56,9,0,0
BRDA:56,9,1,0
BRDA:56,10,0,0
BRDA:56,10,1,0
BRDA:58,11,0,0
BRDA:58,11,1,0
BRDA:58,12,0,0
BRDA:58,12,1,0
BRDA:79,13,0,0
BRDA:79,13,1,0
BRDA:79,14,0,0
BRDA:79,14,1,0
BRDA:89,15,0,0
BRDA:89,15,1,0
BRDA:102,16,0,0
BRDA:102,16,1,0
BRDA:103,17,0,0
BRDA:103,17,1,0
BRDA:106,18,0,0
BRDA:106,18,1,0
BRDA:109,19,0,0
BRDA:109,19,1,0
BRF:40
BRH:0
end_of_record
TN:
SF:src\features\context\model\context.store.ts
FN:50,(anonymous_0)
FN:69,(anonymous_1)
FN:70,(anonymous_2)
FN:71,(anonymous_3)
FN:72,(anonymous_4)
FN:73,(anonymous_5)
FN:74,(anonymous_6)
FN:75,(anonymous_7)
FN:78,(anonymous_8)
FN:86,buildContext
FN:101,(anonymous_10)
FN:102,(anonymous_11)
FN:109,(anonymous_12)
FN:167,(anonymous_13)
FN:180,createBuildOptions
FN:203,validateBuildResult
FN:227,handleBuildError
FN:248,loadContextContent
FN:275,loadSummaryForContext
FN:276,(anonymous_19)
FN:286,(anonymous_20)
FN:305,getFullContextContent
FN:310,deleteContext
FN:314,(anonymous_23)
FN:321,exportContext
FN:326,listProjectContexts
FN:337,(anonymous_26)
FN:359,clearContext
FN:372,setRawContext
FN:386,getMemoryUsage
FN:395,renameContext
FN:396,(anonymous_31)
FN:402,toggleFavorite
FN:403,(anonymous_33)
FN:409,saveMetadata
FN:413,autoCleanup
FN:417,duplicateContext
FN:432,mergeContexts
FN:436,(anonymous_38)
FN:454,reorderContexts
FN:460,selectListItem
FN:465,(anonymous_41)
FN:469,clearListSelection
FN:476,removeFileFromContext
FN:479,(anonymous_44)
FN:489,rebuildContext
FNF:46
FNH:2
FNDA:43,(anonymous_0)
FNDA:0,(anonymous_1)
FNDA:0,(anonymous_2)
FNDA:0,(anonymous_3)
FNDA:0,(anonymous_4)
FNDA:0,(anonymous_5)
FNDA:0,(anonymous_6)
FNDA:0,(anonymous_7)
FNDA:0,(anonymous_8)
FNDA:0,buildContext
FNDA:0,(anonymous_10)
FNDA:0,(anonymous_11)
FNDA:0,(anonymous_12)
FNDA:0,(anonymous_13)
FNDA:0,createBuildOptions
FNDA:0,validateBuildResult
FNDA:0,handleBuildError
FNDA:0,loadContextContent
FNDA:0,loadSummaryForContext
FNDA:0,(anonymous_19)
FNDA:0,(anonymous_20)
FNDA:0,getFullContextContent
FNDA:0,deleteContext
FNDA:0,(anonymous_23)
FNDA:0,exportContext
FNDA:0,listProjectContexts
FNDA:0,(anonymous_26)
FNDA:68,clearContext
FNDA:0,setRawContext
FNDA:0,getMemoryUsage
FNDA:0,renameContext
FNDA:0,(anonymous_31)
FNDA:0,toggleFavorite
FNDA:0,(anonymous_33)
FNDA:0,saveMetadata
FNDA:0,autoCleanup
FNDA:0,duplicateContext
FNDA:0,mergeContexts
FNDA:0,(anonymous_38)
FNDA:0,reorderContexts
FNDA:0,selectListItem
FNDA:0,(anonymous_41)
FNDA:0,clearListSelection
FNDA:0,removeFileFromContext
FNDA:0,(anonymous_44)
FNDA:0,rebuildContext
DA:25,6
DA:50,6
DA:52,43
DA:55,43
DA:56,43
DA:57,43
DA:58,43
DA:59,43
DA:60,43
DA:61,43
DA:62,43
DA:63,43
DA:64,43
DA:66,43
DA:69,43
DA:70,43
DA:71,43
DA:72,43
DA:73,43
DA:74,43
DA:75,43
DA:78,43
DA:87,0
DA:88,0
DA:89,0
DA:92,0
DA:93,0
DA:94,0
DA:95,0
DA:98,0
DA:99,0
DA:101,0
DA:102,0
DA:104,0
DA:105,0
DA:109,0
DA:110,0
DA:111,0
DA:112,0
DA:114,0
DA:117,0
DA:118,0
DA:119,0
DA:120,0
DA:121,0
DA:124,0
DA:125,0
DA:132,0
DA:133,0
DA:136,0
DA:137,0
DA:138,0
DA:150,0
DA:152,0
DA:153,0
DA:156,0
DA:157,0
DA:158,0
DA:159,0
DA:163,0
DA:164,0
DA:167,0
DA:169,0
DA:170,0
DA:171,0
DA:173,0
DA:174,0
DA:175,0
DA:176,0
DA:181,0
DA:182,0
DA:184,0
DA:207,0
DA:208,0
DA:209,0
DA:210,0
DA:211,0
DA:212,0
DA:215,0
DA:216,0
DA:217,0
DA:218,0
DA:222,0
DA:223,0
DA:228,0
DA:229,0
DA:230,0
DA:231,0
DA:233,0
DA:234,0
DA:236,0
DA:238,0
DA:241,0
DA:242,0
DA:243,0
DA:245,0
DA:249,0
DA:250,0
DA:251,0
DA:254,0
DA:255,0
DA:257,0
DA:258,0
DA:259,0
DA:260,0
DA:261,0
DA:264,0
DA:266,0
DA:268,0
DA:269,0
DA:271,0
DA:276,0
DA:277,0
DA:279,0
DA:280,0
DA:283,0
DA:284,0
DA:285,0
DA:286,0
DA:287,0
DA:288,0
DA:301,0
DA:306,0
DA:307,0
DA:311,0
DA:312,0
DA:313,0
DA:314,0
DA:316,0
DA:317,0
DA:322,0
DA:323,0
DA:327,0
DA:328,0
DA:330,0
DA:331,0
DA:332,0
DA:334,0
DA:335,0
DA:337,0
DA:349,0
DA:350,0
DA:352,0
DA:353,0
DA:355,0
DA:360,68
DA:361,68
DA:362,68
DA:363,68
DA:364,68
DA:365,68
DA:367,68
DA:368,0
DA:373,0
DA:374,0
DA:376,0
DA:377,0
DA:378,0
DA:387,0
DA:388,0
DA:389,0
DA:391,0
DA:392,0
DA:396,0
DA:397,0
DA:398,0
DA:399,0
DA:403,0
DA:404,0
DA:405,0
DA:406,0
DA:410,0
DA:414,0
DA:418,0
DA:419,0
DA:421,0
DA:422,0
DA:423,0
DA:424,0
DA:427,0
DA:428,0
DA:429,0
DA:433,0
DA:437,0
DA:438,0
DA:441,0
DA:443,0
DA:444,0
DA:445,0
DA:446,0
DA:449,0
DA:450,0
DA:451,0
DA:455,0
DA:456,0
DA:461,0
DA:462,0
DA:463,0
DA:465,0
DA:466,0
DA:470,0
DA:477,0
DA:479,0
DA:480,0
DA:481,0
DA:482,0
DA:486,0
DA:490,0
DA:491,0
DA:492,0
DA:495,0
DA:496,0
DA:507,0
DA:510,43
LF:214
LH:30
BRDA:70,0,0,0
BRDA:70,0,1,0
BRDA:71,1,0,0
BRDA:71,1,1,0
BRDA:72,2,0,0
BRDA:72,2,1,0
BRDA:73,3,0,0
BRDA:73,3,1,0
BRDA:87,4,0,0
BRDA:87,4,1,0
BRDA:104,5,0,0
BRDA:104,5,1,0
BRDA:110,6,0,0
BRDA:110,6,1,0
BRDA:119,7,0,0
BRDA:119,7,1,0
BRDA:137,8,0,0
BRDA:137,8,1,0
BRDA:141,9,0,0
BRDA:141,9,1,0
BRDA:142,10,0,0
BRDA:142,10,1,0
BRDA:143,11,0,0
BRDA:143,11,1,0
BRDA:152,12,0,0
BRDA:152,12,1,0
BRDA:153,13,0,0
BRDA:153,13,1,0
BRDA:158,14,0,0
BRDA:158,14,1,0
BRDA:158,15,0,0
BRDA:158,15,1,0
BRDA:185,16,0,0
BRDA:185,16,1,0
BRDA:186,17,0,0
BRDA:186,17,1,0
BRDA:187,18,0,0
BRDA:187,18,1,0
BRDA:188,19,0,0
BRDA:188,19,1,0
BRDA:189,20,0,0
BRDA:189,20,1,0
BRDA:190,21,0,0
BRDA:190,21,1,0
BRDA:191,22,0,0
BRDA:191,22,1,0
BRDA:194,23,0,0
BRDA:194,23,1,0
BRDA:195,24,0,0
BRDA:195,24,1,0
BRDA:196,25,0,0
BRDA:196,25,1,0
BRDA:197,26,0,0
BRDA:197,26,1,0
BRDA:198,27,0,0
BRDA:198,27,1,0
BRDA:199,28,0,0
BRDA:199,28,1,0
BRDA:207,29,0,0
BRDA:207,29,1,0
BRDA:215,30,0,0
BRDA:215,30,1,0
BRDA:215,31,0,0
BRDA:215,31,1,0
BRDA:215,31,2,0
BRDA:217,32,0,0
BRDA:217,32,1,0
BRDA:218,33,0,0
BRDA:218,33,1,0
BRDA:219,34,0,0
BRDA:219,34,1,0
BRDA:228,35,0,0
BRDA:228,35,1,0
BRDA:228,36,0,0
BRDA:228,36,1,0
BRDA:233,37,0,0
BRDA:233,37,1,0
BRDA:241,38,0,0
BRDA:241,38,1,0
BRDA:242,39,0,0
BRDA:242,39,1,0
BRDA:242,40,0,0
BRDA:242,40,1,0
BRDA:248,41,0,0
BRDA:248,42,0,0
BRDA:249,43,0,0
BRDA:249,43,1,0
BRDA:259,44,0,0
BRDA:259,44,1,0
BRDA:268,45,0,0
BRDA:268,45,1,0
BRDA:277,46,0,0
BRDA:277,46,1,0
BRDA:285,47,0,0
BRDA:285,47,1,0
BRDA:287,48,0,0
BRDA:287,48,1,0
BRDA:290,49,0,0
BRDA:290,49,1,0
BRDA:290,50,0,0
BRDA:290,50,1,0
BRDA:291,51,0,0
BRDA:291,51,1,0
BRDA:292,52,0,0
BRDA:292,52,1,0
BRDA:293,53,0,0
BRDA:293,53,1,0
BRDA:296,54,0,0
BRDA:296,54,1,0
BRDA:306,55,0,0
BRDA:306,55,1,0
BRDA:313,56,0,0
BRDA:313,56,1,0
BRDA:316,57,0,0
BRDA:316,57,1,0
BRDA:322,58,0,0
BRDA:322,58,1,0
BRDA:332,59,0,0
BRDA:332,59,1,0
BRDA:335,60,0,0
BRDA:335,60,1,0
BRDA:339,61,0,0
BRDA:339,61,1,0
BRDA:339,62,0,0
BRDA:339,62,1,0
BRDA:340,63,0,0
BRDA:340,63,1,0
BRDA:340,63,2,0
BRDA:341,64,0,0
BRDA:341,64,1,0
BRDA:342,65,0,0
BRDA:342,65,1,0
BRDA:345,66,0,0
BRDA:345,66,1,0
BRDA:352,67,0,0
BRDA:352,67,1,0
BRDA:367,68,0,0
BRDA:367,68,1,68
BRDA:367,69,0,68
BRDA:367,69,1,68
BRDA:387,70,0,0
BRDA:387,70,1,0
BRDA:388,71,0,0
BRDA:388,71,1,0
BRDA:397,72,0,0
BRDA:397,72,1,0
BRDA:398,73,0,0
BRDA:398,73,1,0
BRDA:404,74,0,0
BRDA:404,74,1,0
BRDA:405,75,0,0
BRDA:405,75,1,0
BRDA:419,76,0,0
BRDA:419,76,1,0
BRDA:422,77,0,0
BRDA:422,77,1,0
BRDA:437,78,0,0
BRDA:437,78,1,0
BRDA:441,79,0,0
BRDA:441,79,1,0
BRDA:444,80,0,0
BRDA:444,80,1,0
BRDA:461,81,0,0
BRDA:461,81,1,0
BRDA:466,82,0,0
BRDA:466,82,1,0
BRDA:477,83,0,0
BRDA:477,83,1,0
BRDA:480,84,0,0
BRDA:480,84,1,0
BRDA:490,85,0,0
BRDA:490,85,1,0
BRDA:490,86,0,0
BRDA:490,86,1,0
BRF:174
BRH:3
end_of_record
TN:
SF:src\features\context\ui\ChunkCutLine.vue
FNF:0
FNH:0
DA:2,0
DA:4,6
DA:6,6
DA:19,0
LF:4
LH:2
BRDA:3,0,0,0
BRDA:3,0,1,0
BRDA:7,1,0,0
BRDA:7,1,1,0
BRDA:8,2,0,0
BRDA:8,2,1,0
BRF:6
BRH:0
end_of_record
TN:
SF:src\features\context\ui\ContextBuilder.vue
FN:127,(anonymous_0)
FN:131,resetToDefaults
FN:142,updateStoreOptions
FN:161,(anonymous_3)
FN:188,formatNumber
FN:24,(anonymous_5)
FN:36,(anonymous_6)
FN:54,(anonymous_7)
FN:77,(anonymous_8)
FN:94,(anonymous_9)
FNF:10
FNH:0
FNDA:0,(anonymous_0)
FNDA:0,resetToDefaults
FNDA:0,updateStoreOptions
FNDA:0,(anonymous_3)
FNDA:0,formatNumber
FNDA:0,(anonymous_5)
FNDA:0,(anonymous_6)
FNDA:0,(anonymous_7)
FNDA:0,(anonymous_8)
FNDA:0,(anonymous_9)
DA:2,6
DA:3,6
DA:4,6
DA:13,6
DA:15,6
DA:17,0
DA:25,6
DA:29,6
DA:31,0
DA:47,6
DA:49,0
DA:65,6
DA:66,6
DA:70,0
DA:74,6
DA:75,6
DA:76,6
DA:81,6
DA:82,6
DA:86,0
DA:99,6
DA:100,6
DA:112,0
DA:114,0
DA:115,0
DA:116,0
DA:119,0
DA:127,0
DA:128,0
DA:132,0
DA:139,0
DA:144,0
DA:145,0
DA:148,0
DA:156,0
DA:161,0
DA:162,0
DA:163,0
DA:164,0
DA:165,0
DA:166,0
DA:175,0
DA:177,0
DA:189,0
DA:190,0
DA:191,0
DA:195,0
LF:47
LH:17
BRDA:149,0,0,0
BRDA:149,0,1,0
BRDA:150,1,0,0
BRDA:150,1,1,0
BRDA:151,2,0,0
BRDA:151,2,1,0
BRDA:152,3,0,0
BRDA:152,3,1,0
BRDA:153,4,0,0
BRDA:153,4,1,0
BRDA:164,5,0,0
BRDA:164,5,1,0
BRDA:167,6,0,0
BRDA:167,6,1,0
BRDA:168,7,0,0
BRDA:168,7,1,0
BRDA:169,8,0,0
BRDA:169,8,1,0
BRDA:170,9,0,0
BRDA:170,9,1,0
BRDA:171,10,0,0
BRDA:171,10,1,0
BRDA:189,11,0,0
BRDA:189,11,1,0
BRDA:190,12,0,0
BRDA:190,12,1,0
BRDA:24,13,0,0
BRDA:24,13,1,0
BRDA:36,14,0,0
BRDA:36,14,1,0
BRDA:54,15,0,0
BRDA:54,15,1,0
BRDA:66,16,0,0
BRDA:66,16,1,0
BRDA:77,17,0,0
BRDA:77,17,1,0
BRDA:82,18,0,0
BRDA:82,18,1,0
BRDA:94,19,0,0
BRDA:94,19,1,0
BRDA:98,20,0,0
BRDA:98,20,1,0
BRF:42
BRH:0
end_of_record
TN:
SF:src\features\context\ui\ContextDeleteModal.vue
FN:4,(anonymous_0)
FN:19,(anonymous_1)
FN:22,(anonymous_2)
FNF:3
FNH:0
FNDA:0,(anonymous_0)
FNDA:0,(anonymous_1)
FNDA:0,(anonymous_2)
DA:4,0
DA:5,6
DA:6,6
DA:13,6
DA:14,6
DA:18,6
DA:19,0
DA:22,0
DA:34,0
LF:9
LH:5
BRDA:4,0,0,0
BRDA:4,0,1,0
BRDA:19,1,0,0
BRDA:19,1,1,0
BRDA:22,2,0,0
BRDA:22,2,1,0
BRF:6
BRH:0
end_of_record
TN:
SF:src\features\context\ui\ContextItemActions.vue
FN:4,(anonymous_0)
FN:13,(anonymous_1)
FN:22,(anonymous_2)
FN:31,(anonymous_3)
FN:40,(anonymous_4)
FNF:5
FNH:0
FNDA:0,(anonymous_0)
FNDA:0,(anonymous_1)
FNDA:0,(anonymous_2)
FNDA:0,(anonymous_3)
FNDA:0,(anonymous_4)
DA:2,6
DA:4,0
DA:13,0
DA:22,0
DA:31,0
DA:40,0
DA:54,0
LF:7
LH:1
BRDA:4,0,0,0
BRDA:4,0,1,0
BRDA:13,1,0,0
BRDA:13,1,1,0
BRDA:22,2,0,0
BRDA:22,2,1,0
BRDA:31,3,0,0
BRDA:31,3,1,0
BRDA:40,4,0,0
BRDA:40,4,1,0
BRF:10
BRH:0
end_of_record
TN:
SF:src\features\context\ui\ContextList.vue
FN:110,(anonymous_0)
FN:116,(anonymous_1)
FN:125,cycleSortBy
FN:132,selectContext
FN:137,loadContext
FN:147,handleRestoreSelection
FN:161,handleStartRename
FN:165,saveContext
FN:169,(anonymous_8)
FN:187,(anonymous_9)
FN:192,(anonymous_10)
FN:6,(anonymous_11)
FN:7,(anonymous_12)
FN:43,(anonymous_13)
FN:59,(anonymous_14)
FN:66,(anonymous_15)
FN:74,(anonymous_16)
FNF:17
FNH:0
FNDA:0,(anonymous_0)
FNDA:0,(anonymous_1)
FNDA:0,cycleSortBy
FNDA:0,selectContext
FNDA:0,loadContext
FNDA:0,handleRestoreSelection
FNDA:0,handleStartRename
FNDA:0,saveContext
FNDA:0,(anonymous_8)
FNDA:0,(anonymous_9)
FNDA:0,(anonymous_10)
FNDA:0,(anonymous_11)
FNDA:0,(anonymous_12)
FNDA:0,(anonymous_13)
FNDA:0,(anonymous_14)
FNDA:0,(anonymous_15)
FNDA:0,(anonymous_16)
DA:2,6
DA:6,0
DA:7,0
DA:22,6
DA:23,0
DA:43,0
DA:59,0
DA:66,0
DA:74,0
DA:98,0
DA:100,0
DA:101,0
DA:102,0
DA:103,0
DA:104,0
DA:105,0
DA:108,0
DA:110,0
DA:112,0
DA:116,0
DA:117,0
DA:122,0
DA:126,0
DA:127,0
DA:128,0
DA:133,0
DA:138,0
DA:139,0
DA:140,0
DA:141,0
DA:143,0
DA:148,0
DA:149,0
DA:150,0
DA:153,0
DA:154,0
DA:155,0
DA:162,0
DA:166,0
DA:167,0
DA:169,0
DA:170,0
DA:173,0
DA:179,0
DA:180,0
DA:181,0
DA:183,0
DA:187,0
DA:188,0
DA:189,0
DA:192,0
DA:193,0
LF:52
LH:2
BRDA:110,0,0,0
BRDA:110,0,1,0
BRDA:122,1,0,0
BRDA:122,1,1,0
BRDA:148,2,0,0
BRDA:148,2,1,0
BRDA:148,3,0,0
BRDA:148,3,1,0
BRDA:156,4,0,0
BRDA:156,4,1,0
BRDA:166,5,0,0
BRDA:166,5,1,0
BRDA:166,6,0,0
BRDA:166,6,1,0
BRDA:5,7,0,0
BRDA:5,7,1,0
BRDA:6,8,0,0
BRDA:6,8,1,0
BRDA:7,9,0,0
BRDA:7,9,1,0
BRDA:43,10,0,0
BRDA:43,10,1,0
BRDA:59,11,0,0
BRDA:59,11,1,0
BRDA:66,12,0,0
BRDA:66,12,1,0
BRDA:74,13,0,0
BRDA:74,13,1,0
BRF:28
BRH:0
end_of_record
TN:
SF:src\features\context\ui\ContextListEmpty.vue
FNF:0
FNH:0
DA:2,6
DA:8,6
DA:9,6
DA:16,0
LF:4
LH:3
BRF:0
BRH:0
end_of_record
TN:
SF:src\features\context\ui\ContextListFooter.vue
FN:3,(anonymous_0)
FNF:1
FNH:0
FNDA:0,(anonymous_0)
DA:3,0
DA:15,0
LF:2
LH:0
BRDA:3,0,0,0
BRDA:3,0,1,0
BRF:2
BRH:0
end_of_record
TN:
SF:src\features\context\ui\ContextListItem.vue
FN:161,(anonymous_0)
FN:166,(anonymous_1)
FN:186,(anonymous_2)
FN:196,(anonymous_3)
FN:207,formatSize
FN:211,formatTime
FN:227,generateAutoName
FN:235,cleanName
FN:9,(anonymous_8)
FN:10,(anonymous_9)
FN:11,(anonymous_10)
FN:12,(anonymous_11)
FN:13,(anonymous_12)
FN:14,(anonymous_13)
FN:15,(anonymous_14)
FN:35,(anonymous_15)
FN:53,(anonymous_16)
FN:54,(anonymous_17)
FN:55,(anonymous_18)
FN:55,(anonymous_19)
FN:57,(anonymous_20)
FN:82,(anonymous_21)
FN:91,(anonymous_22)
FN:100,(anonymous_23)
FN:105,(anonymous_24)
FN:110,(anonymous_25)
FNF:26
FNH:0
FNDA:0,(anonymous_0)
FNDA:0,(anonymous_1)
FNDA:0,(anonymous_2)
FNDA:0,(anonymous_3)
FNDA:0,formatSize
FNDA:0,formatTime
FNDA:0,generateAutoName
FNDA:0,cleanName
FNDA:0,(anonymous_8)
FNDA:0,(anonymous_9)
FNDA:0,(anonymous_10)
FNDA:0,(anonymous_11)
FNDA:0,(anonymous_12)
FNDA:0,(anonymous_13)
FNDA:0,(anonymous_14)
FNDA:0,(anonymous_15)
FNDA:0,(anonymous_16)
FNDA:0,(anonymous_17)
FNDA:0,(anonymous_18)
FNDA:0,(anonymous_19)
FNDA:0,(anonymous_20)
FNDA:0,(anonymous_21)
FNDA:0,(anonymous_22)
FNDA:0,(anonymous_23)
FNDA:0,(anonymous_24)
FNDA:0,(anonymous_25)
DA:9,0
DA:10,0
DA:11,0
DA:12,0
DA:13,0
DA:14,0
DA:15,0
DA:18,6
DA:35,0
DA:47,6
DA:49,6
DA:53,0
DA:54,0
DA:55,0
DA:56,0
DA:61,6
DA:65,6
DA:66,6
DA:73,6
DA:78,6
DA:82,0
DA:91,0
DA:100,0
DA:105,0
DA:110,0
DA:125,0
DA:127,0
DA:161,0
DA:162,0
DA:166,0
DA:167,0
DA:170,0
DA:171,0
DA:175,0
DA:176,0
DA:180,0
DA:181,0
DA:182,0
DA:186,0
DA:187,0
DA:188,0
DA:192,0
DA:196,0
DA:197,0
DA:199,0
DA:200,0
DA:201,0
DA:202,0
DA:204,0
DA:208,0
DA:212,0
DA:213,0
DA:214,0
DA:215,0
DA:216,0
DA:217,0
DA:218,0
DA:220,0
DA:221,0
DA:222,0
DA:223,0
DA:224,0
DA:228,0
DA:229,0
DA:231,0
DA:236,0
DA:237,0
LF:67
LH:8
BRDA:162,0,0,0
BRDA:162,0,1,0
BRDA:167,1,0,0
BRDA:167,1,1,0
BRDA:170,2,0,0
BRDA:170,2,1,0
BRDA:171,3,0,0
BRDA:171,3,1,0
BRDA:175,4,0,0
BRDA:175,4,1,0
BRDA:181,5,0,0
BRDA:181,5,1,0
BRDA:182,6,0,0
BRDA:182,6,1,0
BRDA:187,7,0,0
BRDA:187,7,1,0
BRDA:199,8,0,0
BRDA:199,8,1,0
BRDA:199,8,2,0
BRDA:212,9,0,0
BRDA:212,9,1,0
BRDA:220,10,0,0
BRDA:220,10,1,0
BRDA:221,11,0,0
BRDA:221,11,1,0
BRDA:222,12,0,0
BRDA:222,12,1,0
BRDA:223,13,0,0
BRDA:223,13,1,0
BRDA:228,14,0,0
BRDA:228,14,1,0
BRDA:236,15,0,0
BRDA:236,15,1,0
BRDA:8,16,0,0
BRDA:8,16,1,0
BRDA:9,17,0,0
BRDA:9,17,1,0
BRDA:10,18,0,0
BRDA:10,18,1,0
BRDA:11,19,0,0
BRDA:11,19,1,0
BRDA:12,20,0,0
BRDA:12,20,1,0
BRDA:13,21,0,0
BRDA:13,21,1,0
BRDA:14,22,0,0
BRDA:14,22,1,0
BRDA:15,23,0,0
BRDA:15,23,1,0
BRDA:24,24,0,0
BRDA:24,24,1,0
BRDA:35,25,0,0
BRDA:35,25,1,0
BRDA:40,26,0,0
BRDA:40,26,1,0
BRDA:41,27,0,0
BRDA:41,27,1,0
BRDA:51,28,0,0
BRDA:51,28,1,0
BRDA:53,29,0,0
BRDA:53,29,1,0
BRDA:54,30,0,0
BRDA:54,30,1,0
BRDA:55,31,0,0
BRDA:55,31,1,0
BRDA:55,32,0,0
BRDA:55,32,1,0
BRDA:57,33,0,0
BRDA:57,33,1,0
BRDA:60,34,0,0
BRDA:60,34,1,0
BRDA:61,35,0,0
BRDA:61,35,1,0
BRDA:72,36,0,0
BRDA:72,36,1,0
BRDA:82,37,0,0
BRDA:82,37,1,0
BRDA:91,38,0,0
BRDA:91,38,1,0
BRDA:94,39,0,0
BRDA:94,39,1,0
BRDA:96,40,0,0
BRDA:96,40,1,0
BRDA:100,41,0,0
BRDA:100,41,1,0
BRDA:105,42,0,0
BRDA:105,42,1,0
BRDA:110,43,0,0
BRDA:110,43,1,0
BRF:89
BRH:0
end_of_record
TN:
SF:src\features\context\ui\ContextListLoading.vue
FNF:0
FNH:0
DA:2,6
LF:1
LH:1
BRF:0
BRH:0
end_of_record
TN:
SF:src\features\context\ui\ContextListSearch.vue
FN:10,(anonymous_0)
FN:17,(anonymous_1)
FN:28,(anonymous_2)
FN:41,(anonymous_3)
FN:46,(anonymous_4)
FNF:5
FNH:0
FNDA:0,(anonymous_0)
FNDA:0,(anonymous_1)
FNDA:0,(anonymous_2)
FNDA:0,(anonymous_3)
FNDA:0,(anonymous_4)
DA:2,6
DA:4,6
DA:10,0
DA:17,0
DA:28,0
DA:40,6
DA:41,0
DA:46,0
DA:58,0
LF:9
LH:3
BRDA:10,0,0,0
BRDA:10,0,1,0
BRDA:17,1,0,0
BRDA:17,1,1,0
BRDA:28,2,0,0
BRDA:28,2,1,0
BRDA:41,3,0,0
BRDA:41,3,1,0
BRDA:46,4,0,0
BRDA:46,4,1,0
BRF:10
BRH:0
end_of_record
TN:
SF:src\features\context\ui\ContextListToolbar.vue
FN:10,(anonymous_0)
FN:21,(anonymous_1)
FN:33,(anonymous_2)
FN:47,(anonymous_3)
FN:55,(anonymous_4)
FN:62,(anonymous_5)
FNF:6
FNH:0
FNDA:0,(anonymous_0)
FNDA:0,(anonymous_1)
FNDA:0,(anonymous_2)
FNDA:0,(anonymous_3)
FNDA:0,(anonymous_4)
FNDA:0,(anonymous_5)
DA:2,6
DA:4,6
DA:10,0
DA:18,6
DA:21,0
DA:24,6
DA:25,6
DA:26,6
DA:29,6
DA:33,0
DA:45,6
DA:47,0
DA:55,0
DA:62,0
DA:76,0
LF:15
LH:8
BRDA:10,0,0,0
BRDA:10,0,1,0
BRDA:21,1,0,0
BRDA:21,1,1,0
BRDA:33,2,0,0
BRDA:33,2,1,0
BRDA:41,3,0,0
BRDA:41,3,1,0
BRDA:47,4,0,0
BRDA:47,4,1,0
BRDA:54,5,0,0
BRDA:54,5,1,0
BRDA:55,6,0,0
BRDA:55,6,1,0
BRDA:62,7,0,0
BRDA:62,7,1,0
BRF:16
BRH:0
end_of_record
TN:
SF:src\features\context\ui\ContextPanel.vue
FN:121,(anonymous_0)
FN:134,(anonymous_1)
FN:144,(anonymous_2)
FN:152,(anonymous_3)
FN:207,(anonymous_4)
FN:213,(anonymous_5)
FN:215,(anonymous_6)
FN:223,handleFormatChange
FN:231,(anonymous_8)
FN:241,(anonymous_9)
FN:255,(anonymous_10)
FN:262,goToPrevChunk
FN:267,goToNextChunk
FN:272,scrollToCurrentChunk
FN:273,(anonymous_14)
FN:280,scrollToLine
FN:281,(anonymous_16)
FN:286,searchNext
FN:292,searchPrev
FN:298,handleExport
FN:306,handleCopyText
FN:339,handleCopyCurrentChunk
FN:357,showCopySuccess
FN:359,(anonymous_23)
FN:363,handleDragOver
FN:372,handleDragLeave
FN:380,handleDrop
FN:388,(anonymous_27)
FN:28,(anonymous_28)
FN:29,(anonymous_29)
FN:39,(anonymous_30)
FN:42,(anonymous_31)
FN:75,(anonymous_32)
FN:83,(anonymous_33)
FNF:34
FNH:0
FNDA:0,(anonymous_0)
FNDA:0,(anonymous_1)
FNDA:0,(anonymous_2)
FNDA:0,(anonymous_3)
FNDA:0,(anonymous_4)
FNDA:0,(anonymous_5)
FNDA:0,(anonymous_6)
FNDA:0,handleFormatChange
FNDA:0,(anonymous_8)
FNDA:0,(anonymous_9)
FNDA:0,(anonymous_10)
FNDA:0,goToPrevChunk
FNDA:0,goToNextChunk
FNDA:0,scrollToCurrentChunk
FNDA:0,(anonymous_14)
FNDA:0,scrollToLine
FNDA:0,(anonymous_16)
FNDA:0,searchNext
FNDA:0,searchPrev
FNDA:0,handleExport
FNDA:0,handleCopyText
FNDA:0,handleCopyCurrentChunk
FNDA:0,showCopySuccess
FNDA:0,(anonymous_23)
FNDA:0,handleDragOver
FNDA:0,handleDragLeave
FNDA:0,handleDrop
FNDA:0,(anonymous_27)
FNDA:0,(anonymous_28)
FNDA:0,(anonymous_29)
FNDA:0,(anonymous_30)
FNDA:0,(anonymous_31)
FNDA:0,(anonymous_32)
FNDA:0,(anonymous_33)
DA:10,6
DA:15,6
DA:16,6
DA:28,0
DA:29,0
DA:39,0
DA:42,0
DA:75,0
DA:83,0
DA:106,0
DA:107,0
DA:108,0
DA:109,0
DA:110,0
DA:111,0
DA:112,0
DA:115,0
DA:118,0
DA:121,0
DA:122,0
DA:123,0
DA:124,0
DA:125,0
DA:126,0
DA:127,0
DA:131,0
DA:134,0
DA:135,0
DA:136,0
DA:137,0
DA:138,0
DA:139,0
DA:143,0
DA:144,0
DA:153,0
DA:154,0
DA:155,0
DA:158,0
DA:159,0
DA:160,0
DA:162,0
DA:163,0
DA:164,0
DA:167,0
DA:169,0
DA:170,0
DA:176,0
DA:179,0
DA:180,0
DA:182,0
DA:184,0
DA:185,0
DA:186,0
DA:187,0
DA:191,0
DA:194,0
DA:200,0
DA:201,0
DA:202,0
DA:203,0
DA:204,0
DA:207,0
DA:208,0
DA:209,0
DA:210,0
DA:213,0
DA:214,0
DA:215,0
DA:219,0
DA:220,0
DA:224,0
DA:225,0
DA:226,0
DA:231,0
DA:232,0
DA:233,0
DA:234,0
DA:235,0
DA:238,0
DA:239,0
DA:241,0
DA:242,0
DA:243,0
DA:247,0
DA:248,0
DA:250,0
DA:251,0
DA:255,0
DA:256,0
DA:257,0
DA:263,0
DA:264,0
DA:268,0
DA:269,0
DA:273,0
DA:274,0
DA:275,0
DA:276,0
DA:281,0
DA:282,0
DA:287,0
DA:288,0
DA:289,0
DA:293,0
DA:294,0
DA:295,0
DA:299,0
DA:300,0
DA:302,0
DA:307,0
DA:309,0
DA:310,0
DA:313,0
DA:314,0
DA:315,0
DA:325,0
DA:327,0
DA:330,0
DA:331,0
DA:332,0
DA:334,0
DA:335,0
DA:340,0
DA:342,0
DA:343,0
DA:344,0
DA:345,0
DA:347,0
DA:348,0
DA:349,0
DA:350,0
DA:352,0
DA:353,0
DA:358,0
DA:359,0
DA:364,0
DA:365,0
DA:367,0
DA:368,0
DA:373,0
DA:374,0
DA:375,0
DA:376,0
DA:381,0
DA:382,0
DA:384,0
DA:386,0
DA:387,0
DA:388,0
DA:389,0
DA:390,0
DA:391,0
LF:152
LH:3
BRDA:123,0,0,0
BRDA:123,0,1,0
BRDA:124,1,0,0
BRDA:124,1,1,0
BRDA:125,2,0,0
BRDA:125,2,1,0
BRDA:126,3,0,0
BRDA:126,3,1,0
BRDA:135,4,0,0
BRDA:135,4,1,0
BRDA:136,5,0,0
BRDA:136,5,1,0
BRDA:153,6,0,0
BRDA:153,6,1,0
BRDA:162,7,0,0
BRDA:162,7,1,0
BRDA:162,8,0,0
BRDA:162,8,1,0
BRDA:169,9,0,0
BRDA:169,9,1,0
BRDA:187,10,0,0
BRDA:187,10,1,0
BRDA:208,11,0,0
BRDA:208,11,1,0
BRDA:210,12,0,0
BRDA:210,12,1,0
BRDA:214,13,0,0
BRDA:214,13,1,0
BRDA:214,14,0,0
BRDA:214,14,1,0
BRDA:225,15,0,0
BRDA:225,15,1,0
BRDA:232,16,0,0
BRDA:232,16,1,0
BRDA:232,17,0,0
BRDA:232,17,1,0
BRDA:242,18,0,0
BRDA:242,18,1,0
BRDA:250,19,0,0
BRDA:250,19,1,0
BRDA:256,20,0,0
BRDA:256,20,1,0
BRDA:275,21,0,0
BRDA:275,21,1,0
BRDA:287,22,0,0
BRDA:287,22,1,0
BRDA:293,23,0,0
BRDA:293,23,1,0
BRDA:307,24,0,0
BRDA:307,24,1,0
BRDA:313,25,0,0
BRDA:313,25,1,0
BRDA:313,26,0,0
BRDA:313,26,1,0
BRDA:314,27,0,0
BRDA:314,27,1,0
BRDA:340,28,0,0
BRDA:340,28,1,0
BRDA:340,29,0,0
BRDA:340,29,1,0
BRDA:344,30,0,0
BRDA:344,30,1,0
BRDA:367,31,0,0
BRDA:367,31,1,0
BRDA:367,32,0,0
BRDA:367,32,1,0
BRDA:374,33,0,0
BRDA:374,33,1,0
BRDA:384,34,0,0
BRDA:384,34,1,0
BRDA:387,35,0,0
BRDA:387,35,1,0
BRDA:389,36,0,0
BRDA:389,36,1,0
BRDA:28,37,0,0
BRDA:28,37,1,0
BRDA:29,38,0,0
BRDA:29,38,1,0
BRDA:39,39,0,0
BRDA:39,39,1,0
BRDA:42,40,0,0
BRDA:42,40,1,0
BRDA:61,41,0,0
BRDA:61,41,1,0
BRDA:75,42,0,0
BRDA:75,42,1,0
BRDA:75,43,0,0
BRDA:75,43,1,0
BRDA:83,44,0,0
BRDA:83,44,1,0
BRF:90
BRH:0
end_of_record
TN:
SF:src\features\context\ui\ContextPanelContent.vue
FN:176,scrollToLine
FN:180,openExportModal
FNF:2
FNH:0
FNDA:0,scrollToLine
FNDA:0,openExportModal
DA:13,6
DA:15,6
DA:23,6
DA:25,6
DA:26,6
DA:27,6
DA:28,6
DA:29,6
DA:31,6
DA:32,6
DA:33,6
DA:38,6
DA:39,6
DA:40,6
DA:50,6
DA:51,6
DA:58,6
DA:60,6
DA:61,6
DA:62,6
DA:72,6
DA:80,6
DA:83,6
DA:84,6
DA:86,6
DA:88,6
DA:90,6
DA:95,6
DA:96,6
DA:100,6
DA:102,6
DA:103,6
DA:112,6
DA:132,6
DA:171,0
DA:172,0
DA:173,0
DA:177,0
DA:181,0
DA:184,0
LF:40
LH:34
BRDA:7,0,0,0
BRDA:7,0,1,0
BRDA:7,0,2,0
BRDA:7,0,3,0
BRDA:87,1,0,0
BRDA:87,1,1,0
BRDA:91,2,0,0
BRDA:91,2,1,0
BRDA:118,3,0,0
BRDA:118,3,1,0
BRDA:126,4,0,0
BRDA:126,4,1,0
BRDA:135,5,0,0
BRDA:135,5,1,0
BRF:14
BRH:0
end_of_record
TN:
SF:src\features\context\ui\ContextPanelFooter.vue
FN:111,(anonymous_0)
FN:7,(anonymous_1)
FN:15,(anonymous_2)
FN:33,(anonymous_3)
FN:61,(anonymous_4)
FN:75,(anonymous_5)
FNF:6
FNH:0
FNDA:0,(anonymous_0)
FNDA:0,(anonymous_1)
FNDA:0,(anonymous_2)
FNDA:0,(anonymous_3)
FNDA:0,(anonymous_4)
FNDA:0,(anonymous_5)
DA:5,6
DA:7,0
DA:15,0
DA:29,6
DA:33,0
DA:39,6
DA:40,6
DA:41,6
DA:43,6
DA:46,6
DA:61,0
DA:75,0
DA:92,0
DA:109,0
DA:111,0
DA:112,0
DA:113,0
DA:114,0
LF:18
LH:7
BRDA:112,0,0,0
BRDA:112,0,1,0
BRDA:113,1,0,0
BRDA:113,1,1,0
BRDA:7,2,0,0
BRDA:7,2,1,0
BRDA:15,3,0,0
BRDA:15,3,1,0
BRDA:24,4,0,0
BRDA:24,4,1,0
BRDA:33,5,0,0
BRDA:33,5,1,0
BRDA:41,6,0,0
BRDA:41,6,1,0
BRDA:61,7,0,0
BRDA:61,7,1,0
BRDA:68,8,0,0
BRDA:68,8,1,0
BRDA:75,9,0,0
BRDA:75,9,1,0
BRF:20
BRH:0
end_of_record
TN:
SF:src\features\context\ui\ContextPanelHeader.vue
FN:16,(anonymous_0)
FN:29,(anonymous_1)
FN:41,(anonymous_2)
FNF:3
FNH:0
FNDA:0,(anonymous_0)
FNDA:0,(anonymous_1)
FNDA:0,(anonymous_2)
DA:2,6
DA:3,6
DA:16,0
DA:29,0
DA:33,6
DA:34,6
DA:35,6
DA:41,0
DA:67,0
LF:9
LH:5
BRDA:16,0,0,0
BRDA:16,0,1,0
BRDA:29,1,0,0
BRDA:29,1,1,0
BRDA:41,2,0,0
BRDA:41,2,1,0
BRF:6
BRH:0
end_of_record
TN:
SF:src\features\context\ui\ContextPanelToolbar.vue
FN:61,(anonymous_0)
FN:61,(anonymous_1)
FN:65,(anonymous_2)
FN:70,(anonymous_3)
FN:70,(anonymous_4)
FN:72,(anonymous_5)
FN:78,(anonymous_6)
FN:9,(anonymous_7)
FN:14,(anonymous_8)
FN:14,(anonymous_9)
FN:19,(anonymous_10)
FN:24,(anonymous_11)
FNF:12
FNH:0
FNDA:0,(anonymous_0)
FNDA:0,(anonymous_1)
FNDA:0,(anonymous_2)
FNDA:0,(anonymous_3)
FNDA:0,(anonymous_4)
FNDA:0,(anonymous_5)
FNDA:0,(anonymous_6)
FNDA:0,(anonymous_7)
FNDA:0,(anonymous_8)
FNDA:0,(anonymous_9)
FNDA:0,(anonymous_10)
FNDA:0,(anonymous_11)
DA:3,6
DA:10,0
DA:14,0
DA:15,0
DA:18,6
DA:19,0
DA:24,0
DA:41,0
DA:48,0
DA:55,0
DA:56,0
DA:59,0
DA:61,0
DA:62,0
DA:65,0
DA:66,0
DA:70,0
DA:71,0
DA:72,0
DA:77,0
DA:78,0
LF:21
LH:2
BRDA:71,0,0,0
BRDA:71,0,1,0
BRDA:9,1,0,0
BRDA:9,1,1,0
BRDA:14,2,0,0
BRDA:14,2,1,0
BRDA:14,3,0,0
BRDA:14,3,1,0
BRDA:17,4,0,0
BRDA:17,4,1,0
BRDA:17,5,0,0
BRDA:17,5,1,0
BRDA:19,6,0,0
BRDA:19,6,1,0
BRDA:24,7,0,0
BRDA:24,7,1,0
BRDA:30,8,0,0
BRDA:30,8,1,0
BRDA:30,9,0,0
BRDA:30,9,1,0
BRF:20
BRH:0
end_of_record
TN:
SF:src\features\context\ui\ContextSaveDialog.vue
FN:82,(anonymous_0)
FN:82,(anonymous_1)
FN:86,(anonymous_2)
FN:92,handleSubmit
FN:4,(anonymous_4)
FN:15,(anonymous_5)
FN:20,(anonymous_6)
FN:29,(anonymous_7)
FN:43,(anonymous_8)
FNF:9
FNH:0
FNDA:0,(anonymous_0)
FNDA:0,(anonymous_1)
FNDA:0,(anonymous_2)
FNDA:0,handleSubmit
FNDA:0,(anonymous_4)
FNDA:0,(anonymous_5)
FNDA:0,(anonymous_6)
FNDA:0,(anonymous_7)
FNDA:0,(anonymous_8)
DA:4,0
DA:5,6
DA:9,6
DA:12,6
DA:13,6
DA:16,0
DA:20,0
DA:23,6
DA:24,6
DA:26,0
DA:33,6
DA:35,6
DA:42,6
DA:43,0
DA:65,0
DA:67,0
DA:72,0
DA:77,0
DA:78,0
DA:79,0
DA:82,0
DA:83,0
DA:84,0
DA:85,0
DA:86,0
DA:87,0
DA:93,0
DA:94,0
LF:28
LH:9
BRDA:83,0,0,0
BRDA:83,0,1,0
BRDA:93,1,0,0
BRDA:93,1,1,0
BRDA:4,2,0,0
BRDA:4,2,1,0
BRDA:6,3,0,0
BRDA:6,3,1,0
BRDA:15,4,0,0
BRDA:15,4,1,0
BRDA:20,5,0,0
BRDA:20,5,1,0
BRDA:20,6,0,0
BRDA:20,6,1,0
BRDA:29,7,0,0
BRDA:29,7,1,0
BRDA:43,8,0,0
BRDA:43,8,1,0
BRF:18
BRH:0
end_of_record
TN:
SF:src\features\context\ui\SkeletonLoader.vue
FN:45,(anonymous_0)
FN:46,(anonymous_1)
FN:51,(anonymous_2)
FNF:3
FNH:0
FNDA:0,(anonymous_0)
FNDA:0,(anonymous_1)
FNDA:0,(anonymous_2)
DA:2,6
DA:4,6
DA:17,6
DA:18,6
DA:19,6
DA:24,6
DA:41,0
DA:43,0
DA:45,0
DA:46,0
DA:47,0
DA:51,0
DA:52,0
DA:56,0
LF:14
LH:6
BRDA:47,0,0,0
BRDA:47,0,1,0
BRDA:52,1,0,0
BRDA:52,1,1,0
BRF:4
BRH:0
end_of_record
TN:
SF:src\features\context\ui\StatsPopover.vue
FN:100,(anonymous_0)
FN:101,(anonymous_1)
FN:102,(anonymous_2)
FN:103,(anonymous_3)
FN:105,(anonymous_4)
FN:109,(anonymous_5)
FN:121,(anonymous_6)
FN:131,(anonymous_7)
FN:135,(anonymous_8)
FN:148,(anonymous_9)
FN:153,(anonymous_10)
FN:156,formatNumber
FN:4,(anonymous_12)
FN:15,(anonymous_13)
FNF:14
FNH:0
FNDA:0,(anonymous_0)
FNDA:0,(anonymous_1)
FNDA:0,(anonymous_2)
FNDA:0,(anonymous_3)
FNDA:0,(anonymous_4)
FNDA:0,(anonymous_5)
FNDA:0,(anonymous_6)
FNDA:0,(anonymous_7)
FNDA:0,(anonymous_8)
FNDA:0,(anonymous_9)
FNDA:0,(anonymous_10)
FNDA:0,formatNumber
FNDA:0,(anonymous_12)
FNDA:0,(anonymous_13)
DA:4,0
DA:7,6
DA:8,6
DA:15,0
DA:23,6
DA:24,6
DA:25,6
DA:26,6
DA:28,6
DA:29,6
DA:30,6
DA:32,6
DA:33,6
DA:34,6
DA:36,6
DA:37,6
DA:38,6
DA:44,6
DA:45,6
DA:47,6
DA:48,6
DA:49,6
DA:50,6
DA:59,6
DA:60,6
DA:66,6
DA:67,6
DA:68,6
DA:96,0
DA:97,0
DA:98,0
DA:100,0
DA:101,0
DA:102,0
DA:103,0
DA:105,0
DA:109,0
DA:110,0
DA:111,0
DA:113,0
DA:114,0
DA:115,0
DA:116,0
DA:119,0
DA:120,0
DA:122,0
DA:123,0
DA:131,0
DA:135,0
DA:136,0
DA:137,0
DA:139,0
DA:140,0
DA:141,0
DA:142,0
DA:143,0
DA:146,0
DA:147,0
DA:148,0
DA:153,0
DA:157,0
DA:158,0
DA:159,0
LF:63
LH:26
BRDA:111,0,0,0
BRDA:111,0,1,0
BRDA:115,1,0,0
BRDA:115,1,1,0
BRDA:116,2,0,0
BRDA:116,2,1,0
BRDA:122,3,0,0
BRDA:122,3,1,0
BRDA:137,4,0,0
BRDA:137,4,1,0
BRDA:142,5,0,0
BRDA:142,5,1,0
BRDA:143,6,0,0
BRDA:143,6,1,0
BRDA:157,7,0,0
BRDA:157,7,1,0
BRDA:158,8,0,0
BRDA:158,8,1,0
BRDA:4,9,0,0
BRDA:4,9,1,0
BRDA:15,10,0,0
BRDA:15,10,1,0
BRDA:66,11,0,0
BRDA:66,11,1,0
BRF:24
BRH:0
end_of_record
TN:
SF:src\features\context\ui\VirtualCodeView.vue
FN:53,(anonymous_0)
FN:57,(anonymous_1)
FN:58,(anonymous_2)
FN:59,(anonymous_3)
FN:63,(anonymous_4)
FN:64,(anonymous_5)
FN:65,(anonymous_6)
FN:67,isLineHighlighted
FN:71,getChunkNumber
FN:74,(anonymous_9)
FN:81,highlightLine
FN:97,applySyntaxHighlight
FN:105,highlightXml
FN:112,highlightMarkdown
FN:122,highlightPlain
FN:129,escapeHtml
FN:136,escapeRegex
FN:141,scrollToLine
FN:149,(anonymous_18)
FN:149,(anonymous_19)
FNF:20
FNH:0
FNDA:0,(anonymous_0)
FNDA:0,(anonymous_1)
FNDA:0,(anonymous_2)
FNDA:0,(anonymous_3)
FNDA:0,(anonymous_4)
FNDA:0,(anonymous_5)
FNDA:0,(anonymous_6)
FNDA:0,isLineHighlighted
FNDA:0,getChunkNumber
FNDA:0,(anonymous_9)
FNDA:0,highlightLine
FNDA:0,applySyntaxHighlight
FNDA:0,highlightXml
FNDA:0,highlightMarkdown
FNDA:0,highlightPlain
FNDA:0,escapeHtml
FNDA:0,escapeRegex
FNDA:0,scrollToLine
FNDA:0,(anonymous_18)
FNDA:0,(anonymous_19)
DA:21,6
DA:29,6
DA:42,6
DA:44,0
DA:52,0
DA:53,0
DA:56,0
DA:57,0
DA:58,0
DA:59,0
DA:63,0
DA:64,0
DA:65,0
DA:68,0
DA:72,0
DA:73,0
DA:74,0
DA:75,0
DA:76,0
DA:78,0
DA:82,0
DA:85,0
DA:88,0
DA:89,0
DA:90,0
DA:91,0
DA:94,0
DA:98,0
DA:99,0
DA:100,0
DA:101,0
DA:106,0
DA:113,0
DA:114,0
DA:116,0
DA:117,0
DA:119,0
DA:123,0
DA:124,0
DA:126,0
DA:130,0
DA:137,0
DA:142,0
DA:146,0
DA:149,0
LF:45
LH:3
BRDA:65,0,0,0
BRDA:65,0,1,0
BRDA:68,1,0,0
BRDA:68,1,1,0
BRDA:72,2,0,0
BRDA:72,2,1,0
BRDA:75,3,0,0
BRDA:75,3,1,0
BRDA:85,4,0,0
BRDA:85,4,1,0
BRDA:88,5,0,0
BRDA:88,5,1,0
BRDA:98,6,0,0
BRDA:98,6,1,0
BRDA:98,6,2,0
BRDA:113,7,0,0
BRDA:113,7,1,0
BRDA:113,8,0,0
BRDA:113,8,1,0
[...]
FNDA:0,(anonymous_9)
FNDA:0,(anonymous_10)
FNDA:0,(anonymous_11)
FNDA:0,(anonymous_12)
FNDA:0,(anonymous_13)
FNDA:0,(anonymous_14)
FNDA:0,(anonymous_15)
FNDA:0,(anonymous_16)
FNDA:0,(anonymous_17)
FNDA:0,(anonymous_18)
FNDA:0,(anonymous_19)
FNDA:0,(anonymous_20)
FNDA:0,(anonymous_21)
FNDA:0,(anonymous_22)
FNDA:0,(anonymous_23)
FNDA:0,(anonymous_24)
FNDA:0,(anonymous_25)
DA:19,1
DA:20,0
DA:21,0
DA:28,0
DA:29,0
DA:31,0
DA:33,0
DA:34,0
DA:35,0
DA:36,0
DA:37,0
DA:38,0
DA:40,0
DA:43,0
DA:44,0
DA:45,0
DA:46,0
DA:47,0
DA:48,0
DA:51,0
DA:52,0
DA:54,0
DA:57,0
DA:61,0
DA:62,0
DA:64,0
DA:65,0
DA:67,0
DA:68,0
DA:70,0
DA:72,0
DA:77,0
DA:79,0
DA:84,0
DA:86,0
DA:96,0
DA:97,0
DA:98,0
DA:100,0
DA:109,0
DA:110,0
DA:115,0
DA:117,0
DA:118,0
DA:126,0
DA:131,0
DA:133,0
DA:134,0
DA:138,0
DA:146,0
DA:150,0
DA:152,0
DA:162,0
DA:163,0
DA:164,0
DA:168,0
DA:172,0
DA:173,0
DA:177,0
LF:59
LH:1
BRDA:34,0,0,0
BRDA:34,0,1,0
BRDA:34,1,0,0
BRDA:34,1,1,0
BRDA:36,2,0,0
BRDA:36,2,1,0
BRDA:36,2,2,0
BRDA:37,3,0,0
BRDA:37,3,1,0
BRDA:43,4,0,0
BRDA:43,4,1,0
BRDA:45,5,0,0
BRDA:45,5,1,0
BRDA:94,6,0,0
BRDA:100,7,0,0
BRDA:100,7,1,0
BRDA:106,8,0,0
BRDA:106,8,1,0
BRDA:138,9,0,0
BRDA:138,9,1,0
BRDA:143,10,0,0
BRDA:143,10,1,0
BRF:22
BRH:0
end_of_record
TN:
SF:src\services\api\files.api.ts
FN:11,(anonymous_0)
FN:12,(anonymous_1)
FN:14,(anonymous_2)
FN:22,(anonymous_3)
FN:23,(anonymous_4)
FN:25,(anonymous_5)
FN:26,(anonymous_6)
FNF:7
FNH:0
FNDA:0,(anonymous_0)
FNDA:0,(anonymous_1)
FNDA:0,(anonymous_2)
FNDA:0,(anonymous_3)
FNDA:0,(anonymous_4)
FNDA:0,(anonymous_5)
FNDA:0,(anonymous_6)
DA:10,1
DA:11,0
DA:12,0
DA:15,0
DA:16,0
DA:18,0
DA:22,0
DA:23,0
DA:25,0
DA:26,0
LF:10
LH:1
BRDA:11,0,0,0
BRDA:11,1,0,0
BRF:2
BRH:0
end_of_record
TN:
SF:src\services\api\github.api.ts
FN:11,(anonymous_0)
FN:12,(anonymous_1)
FN:14,(anonymous_2)
FN:15,(anonymous_3)
FN:17,(anonymous_4)
FN:19,(anonymous_5)
FN:26,(anonymous_6)
FN:28,(anonymous_7)
FN:35,(anonymous_8)
FN:37,(anonymous_9)
FN:45,(anonymous_10)
FN:47,(anonymous_11)
FN:52,(anonymous_12)
FN:54,(anonymous_13)
FNF:14
FNH:0
FNDA:0,(anonymous_0)
FNDA:0,(anonymous_1)
FNDA:0,(anonymous_2)
FNDA:0,(anonymous_3)
FNDA:0,(anonymous_4)
FNDA:0,(anonymous_5)
FNDA:0,(anonymous_6)
FNDA:0,(anonymous_7)
FNDA:0,(anonymous_8)
FNDA:0,(anonymous_9)
FNDA:0,(anonymous_10)
FNDA:0,(anonymous_11)
FNDA:0,(anonymous_12)
FNDA:0,(anonymous_13)
DA:10,1
DA:11,0
DA:12,0
DA:14,0
DA:15,0
DA:18,0
DA:19,0
DA:23,0
DA:27,0
DA:28,0
DA:32,0
DA:36,0
DA:37,0
DA:41,0
DA:42,0
DA:45,0
DA:47,0
DA:52,0
DA:54,0
LF:19
LH:1
BRDA:26,0,0,0
BRDA:42,1,0,0
BRDA:42,1,1,0
BRF:3
BRH:0
end_of_record
TN:
SF:src\services\api\gitlab.api.ts
FN:11,(anonymous_0)
FN:12,(anonymous_1)
FN:14,(anonymous_2)
FN:15,(anonymous_3)
FN:17,(anonymous_4)
FN:19,(anonymous_5)
FN:26,(anonymous_6)
FN:28,(anonymous_7)
FN:35,(anonymous_8)
FN:37,(anonymous_9)
FN:45,(anonymous_10)
FN:47,(anonymous_11)
FN:52,(anonymous_12)
FN:54,(anonymous_13)
FNF:14
FNH:0
FNDA:0,(anonymous_0)
FNDA:0,(anonymous_1)
FNDA:0,(anonymous_2)
FNDA:0,(anonymous_3)
FNDA:0,(anonymous_4)
FNDA:0,(anonymous_5)
FNDA:0,(anonymous_6)
FNDA:0,(anonymous_7)
FNDA:0,(anonymous_8)
FNDA:0,(anonymous_9)
FNDA:0,(anonymous_10)
FNDA:0,(anonymous_11)
FNDA:0,(anonymous_12)
FNDA:0,(anonymous_13)
DA:10,1
DA:11,0
DA:12,0
DA:14,0
DA:15,0
DA:18,0
DA:19,0
DA:23,0
DA:27,0
DA:28,0
DA:32,0
DA:36,0
DA:37,0
DA:41,0
DA:42,0
DA:45,0
DA:47,0
DA:52,0
DA:54,0
LF:19
LH:1
BRDA:26,0,0,0
BRDA:42,1,0,0
BRDA:42,1,1,0
BRF:3
BRH:0
end_of_record
TN:
SF:src\services\api\memory.api.ts
FN:11,(anonymous_0)
FN:14,(anonymous_1)
FN:19,(anonymous_2)
FN:22,(anonymous_3)
FN:27,(anonymous_4)
FN:35,(anonymous_5)
FNF:6
FNH:0
FNDA:0,(anonymous_0)
FNDA:0,(anonymous_1)
FNDA:0,(anonymous_2)
FNDA:0,(anonymous_3)
FNDA:0,(anonymous_4)
FNDA:0,(anonymous_5)
DA:10,1
DA:11,0
DA:14,0
DA:19,0
DA:22,0
DA:31,0
DA:35,0
LF:7
LH:1
BRDA:11,0,0,0
BRF:1
BRH:0
end_of_record
TN:
SF:src\services\api\project.api.ts
FN:10,(anonymous_0)
FN:11,(anonymous_1)
FN:13,(anonymous_2)
FN:14,(anonymous_3)
FN:16,(anonymous_4)
FN:17,(anonymous_5)
FN:19,(anonymous_6)
FN:20,(anonymous_7)
FN:22,(anonymous_8)
FN:23,(anonymous_9)
FN:25,(anonymous_10)
FN:26,(anonymous_11)
FNF:12
FNH:0
FNDA:0,(anonymous_0)
FNDA:0,(anonymous_1)
FNDA:0,(anonymous_2)
FNDA:0,(anonymous_3)
FNDA:0,(anonymous_4)
FNDA:0,(anonymous_5)
FNDA:0,(anonymous_6)
FNDA:0,(anonymous_7)
FNDA:0,(anonymous_8)
FNDA:0,(anonymous_9)
FNDA:0,(anonymous_10)
FNDA:0,(anonymous_11)
DA:9,1
DA:10,0
DA:11,0
DA:13,0
DA:14,0
DA:16,0
DA:17,0
DA:19,0
DA:20,0
DA:22,0
DA:23,0
DA:25,0
DA:26,0
LF:13
LH:1
BRF:0
BRH:0
end_of_record
TN:
SF:src\services\api\reports.api.ts
FN:10,(anonymous_0)
FN:12,(anonymous_1)
FN:17,(anonymous_2)
FN:18,(anonymous_3)
FN:20,(anonymous_4)
FN:21,(anonymous_5)
FN:23,(anonymous_6)
FN:25,(anonymous_7)
FNF:8
FNH:0
FNDA:0,(anonymous_0)
FNDA:0,(anonymous_1)
FNDA:0,(anonymous_2)
FNDA:0,(anonymous_3)
FNDA:0,(anonymous_4)
FNDA:0,(anonymous_5)
FNDA:0,(anonymous_6)
FNDA:0,(anonymous_7)
DA:9,1
DA:10,0
DA:12,0
DA:17,0
DA:18,0
DA:20,0
DA:21,0
DA:23,0
DA:25,0
LF:9
LH:1
BRF:0
BRH:0
end_of_record
TN:
SF:src\services\api\sandbox.api.ts
FN:10,(anonymous_0)
FN:15,(anonymous_1)
FN:19,(anonymous_2)
FN:23,(anonymous_3)
FN:27,(anonymous_4)
FN:31,(anonymous_5)
FN:35,(anonymous_6)
FN:39,(anonymous_7)
FNF:8
FNH:0
FNDA:0,(anonymous_0)
FNDA:0,(anonymous_1)
FNDA:0,(anonymous_2)
FNDA:0,(anonymous_3)
FNDA:0,(anonymous_4)
FNDA:0,(anonymous_5)
FNDA:0,(anonymous_6)
FNDA:0,(anonymous_7)
DA:9,1
DA:11,0
DA:12,0
DA:16,0
DA:20,0
DA:24,0
DA:28,0
DA:32,0
DA:36,0
DA:40,0
LF:10
LH:1
BRF:0
BRH:0
end_of_record
TN:
SF:src\services\api\semantic.api.ts
FN:18,(anonymous_0)
FN:21,(anonymous_1)
FN:26,(anonymous_2)
FN:29,(anonymous_3)
FN:36,(anonymous_4)
FN:39,(anonymous_5)
FN:46,(anonymous_6)
FN:49,(anonymous_7)
FN:54,(anonymous_8)
FN:57,(anonymous_9)
FN:62,(anonymous_10)
FN:65,(anonymous_11)
FN:72,(anonymous_12)
FN:75,(anonymous_13)
FN:80,(anonymous_14)
FN:83,(anonymous_15)
FN:90,(anonymous_16)
FN:93,(anonymous_17)
FNF:18
FNH:0
FNDA:0,(anonymous_0)
FNDA:0,(anonymous_1)
FNDA:0,(anonymous_2)
FNDA:0,(anonymous_3)
FNDA:0,(anonymous_4)
FNDA:0,(anonymous_5)
FNDA:0,(anonymous_6)
FNDA:0,(anonymous_7)
FNDA:0,(anonymous_8)
FNDA:0,(anonymous_9)
FNDA:0,(anonymous_10)
FNDA:0,(anonymous_11)
FNDA:0,(anonymous_12)
FNDA:0,(anonymous_13)
FNDA:0,(anonymous_14)
FNDA:0,(anonymous_15)
FNDA:0,(anonymous_16)
FNDA:0,(anonymous_17)
DA:17,1
DA:18,0
DA:21,0
DA:27,0
DA:29,0
DA:33,0
DA:37,0
DA:39,0
DA:43,0
DA:46,0
DA:49,0
DA:54,0
DA:57,0
DA:63,0
DA:65,0
DA:69,0
DA:72,0
DA:75,0
DA:81,0
DA:83,0
DA:87,0
DA:91,0
DA:93,0
DA:97,0
LF:24
LH:1
BRF:0
BRH:0
end_of_record
TN:
SF:src\services\api\settings.api.ts
FN:24,(anonymous_0)
FN:25,(anonymous_1)
FN:27,(anonymous_2)
FN:28,(anonymous_3)
FN:31,(anonymous_4)
FN:33,(anonymous_5)
FN:38,(anonymous_6)
FN:39,(anonymous_7)
FN:41,(anonymous_8)
FN:43,(anonymous_9)
FN:48,(anonymous_10)
FN:50,(anonymous_11)
FN:55,(anonymous_12)
FN:57,(anonymous_13)
FN:62,(anonymous_14)
FN:64,(anonymous_15)
FNF:16
FNH:0
FNDA:0,(anonymous_0)
FNDA:0,(anonymous_1)
FNDA:0,(anonymous_2)
FNDA:0,(anonymous_3)
FNDA:0,(anonymous_4)
FNDA:0,(anonymous_5)
FNDA:0,(anonymous_6)
FNDA:0,(anonymous_7)
FNDA:0,(anonymous_8)
FNDA:0,(anonymous_9)
FNDA:0,(anonymous_10)
FNDA:0,(anonymous_11)
FNDA:0,(anonymous_12)
FNDA:0,(anonymous_13)
FNDA:0,(anonymous_14)
FNDA:0,(anonymous_15)
DA:23,1
DA:24,0
DA:25,0
DA:27,0
DA:28,0
DA:31,0
DA:33,0
DA:38,0
DA:39,0
DA:41,0
DA:43,0
DA:48,0
DA:50,0
DA:55,0
DA:57,0
DA:62,0
DA:64,0
LF:17
LH:1
BRF:0
BRH:0
end_of_record
TN:
SF:src\services\api\taskflow.api.ts
FN:12,(anonymous_0)
FN:14,(anonymous_1)
FN:19,(anonymous_2)
FN:21,(anonymous_3)
FN:27,(anonymous_4)
FN:28,(anonymous_5)
FN:30,(anonymous_6)
FN:32,(anonymous_7)
FN:37,(anonymous_8)
FN:40,(anonymous_9)
FNF:10
FNH:0
FNDA:0,(anonymous_0)
FNDA:0,(anonymous_1)
FNDA:0,(anonymous_2)
FNDA:0,(anonymous_3)
FNDA:0,(anonymous_4)
FNDA:0,(anonymous_5)
FNDA:0,(anonymous_6)
FNDA:0,(anonymous_7)
FNDA:0,(anonymous_8)
FNDA:0,(anonymous_9)
DA:10,1
DA:12,0
DA:14,0
DA:19,0
DA:21,0
DA:27,0
DA:28,0
DA:30,0
DA:32,0
DA:37,0
DA:40,0
LF:11
LH:1
BRF:0
BRH:0
end_of_record
TN:
SF:src\stores\project.store.ts
FN:21,(anonymous_0)
FN:31,(anonymous_1)
FN:32,(anonymous_2)
FN:33,(anonymous_3)
FN:34,(anonymous_4)
FN:35,(anonymous_5)
FN:38,openProjectByPath
FN:48,(anonymous_7)
FN:86,addToRecent
FN:88,(anonymous_9)
FN:105,loadRecentProjects
FN:125,fetchRecentProjects
FN:151,saveRecentProjects
FN:159,setAutoOpenLast
FN:168,maybeAutoOpenLastProject
FN:175,removeFromRecent
FN:176,(anonymous_16)
FN:189,clearRecent
FN:194,clearProject
FNF:19
FNH:14
FNDA:54,(anonymous_0)
FNDA:0,(anonymous_1)
FNDA:0,(anonymous_2)
FNDA:0,(anonymous_3)
FNDA:0,(anonymous_4)
FNDA:3,(anonymous_5)
FNDA:40,openProjectByPath
FNDA:0,(anonymous_7)
FNDA:40,addToRecent
FNDA:85,(anonymous_9)
FNDA:54,loadRecentProjects
FNDA:28,fetchRecentProjects
FNDA:52,saveRecentProjects
FNDA:24,setAutoOpenLast
FNDA:4,maybeAutoOpenLastProject
FNDA:2,removeFromRecent
FNDA:3,(anonymous_16)
FNDA:1,clearRecent
FNDA:28,clearProject
DA:18,5
DA:19,5
DA:21,5
DA:23,54
DA:24,54
DA:25,54
DA:26,54
DA:27,54
DA:28,54
DA:31,54
DA:32,54
DA:33,54
DA:34,54
DA:35,54
DA:39,40
DA:40,40
DA:42,40
DA:44,40
DA:45,40
DA:46,0
DA:48,0
DA:49,0
DA:50,0
DA:54,40
DA:55,40
DA:58,40
DA:59,40
DA:60,40
DA:61,40
DA:64,40
DA:67,40
DA:68,40
DA:69,40
DA:71,16
DA:75,40
DA:77,40
DA:79,0
DA:80,0
DA:82,40
DA:87,40
DA:88,85
DA:90,40
DA:91,10
DA:94,40
DA:100,40
DA:101,2
DA:106,54
DA:107,54
DA:108,54
DA:109,17
DA:112,54
DA:113,54
DA:114,3
DA:117,0
DA:126,28
DA:127,28
DA:128,28
DA:131,28
DA:134,27
DA:135,9
DA:136,9
DA:137,9
DA:139,9
DA:143,1
DA:144,1
DA:147,28
DA:152,52
DA:153,52
DA:155,0
DA:160,24
DA:161,24
DA:162,24
DA:164,0
DA:169,4
DA:170,4
DA:171,3
DA:172,2
DA:176,3
DA:179,2
DA:180,2
DA:182,0
DA:186,2
DA:190,1
DA:191,1
DA:195,28
DA:196,28
DA:197,28
DA:200,28
DA:201,28
DA:202,28
DA:203,28
DA:207,54
DA:209,54
LF:93
LH:83
BRDA:32,0,0,0
BRDA:32,0,1,0
BRDA:33,1,0,0
BRDA:33,1,1,0
BRDA:35,2,0,3
BRDA:35,2,1,1
BRDA:45,3,0,0
BRDA:45,3,1,40
BRDA:55,4,0,40
BRDA:55,4,1,0
BRDA:68,5,0,40
BRDA:68,5,1,0
BRDA:79,6,0,0
BRDA:79,6,1,0
BRDA:87,7,0,40
BRDA:87,7,1,0
BRDA:90,8,0,10
BRDA:90,8,1,30
BRDA:100,9,0,2
BRDA:100,9,1,38
BRDA:108,10,0,17
BRDA:108,10,1,37
BRDA:113,11,0,3
BRDA:113,11,1,51
BRDA:134,12,0,9
BRDA:134,12,1,18
BRDA:136,13,0,9
BRDA:136,13,1,0
BRDA:144,14,0,1
BRDA:144,14,1,0
BRDA:169,15,0,0
BRDA:169,15,1,4
BRDA:170,16,0,1
BRDA:170,16,1,3
BRDA:171,17,0,1
BRDA:171,17,1,2
BRF:36
BRH:23
end_of_record
TN:
SF:src\stores\sandbox.store.ts
FN:13,(anonymous_0)
FN:22,(anonymous_1)
FN:23,(anonymous_2)
FN:26,refresh
FN:41,applyAll
FN:56,discardAll
FN:69,discardFile
FN:72,(anonymous_7)
FN:78,getDiff
FN:86,getAllDiffs
FNF:10
FNH:0
FNDA:0,(anonymous_0)
FNDA:0,(anonymous_1)
FNDA:0,(anonymous_2)
FNDA:0,refresh
FNDA:0,applyAll
FNDA:0,discardAll
FNDA:0,discardFile
FNDA:0,(anonymous_7)
FNDA:0,getDiff
FNDA:0,getAllDiffs
DA:13,1
DA:14,0
DA:15,0
DA:18,0
DA:19,0
DA:22,0
DA:23,0
DA:27,0
DA:29,0
DA:30,0
DA:31,0
DA:32,0
DA:35,0
DA:37,0
DA:42,0
DA:43,0
DA:44,0
DA:45,0
DA:46,0
DA:47,0
DA:49,0
DA:50,0
DA:52,0
DA:57,0
DA:58,0
DA:59,0
DA:60,0
DA:61,0
DA:63,0
DA:65,0
DA:70,0
DA:71,0
DA:72,0
DA:74,0
DA:79,0
DA:80,0
DA:82,0
DA:87,0
DA:88,0
DA:90,0
DA:94,0
LF:41
LH:1
BRDA:27,0,0,0
BRDA:27,0,1,0
BRDA:32,1,0,0
BRDA:32,1,1,0
BRF:4
BRH:0
end_of_record
TN:
SF:src\stores\settings.store.ts
FN:112,(anonymous_0)
FN:118,(anonymous_1)
FN:124,loadSettings
FN:171,saveSettings
FN:179,resetToDefaults
FN:184,updateContextSettings
FN:191,updateAIModel
FN:195,updateTheme
FN:199,updateFileExplorerSettings
FN:206,getCustomIgnoreRules
FN:210,setCustomIgnoreRules
FN:214,updateContextStorageSettings
FNF:12
FNH:10
FNDA:97,(anonymous_0)
FNDA:131,(anonymous_1)
FNDA:97,loadSettings
FNDA:131,saveSettings
FNDA:1,resetToDefaults
FNDA:8,updateContextSettings
FNDA:0,updateAIModel
FNDA:0,updateTheme
FNDA:3,updateFileExplorerSettings
FNDA:1,getCustomIgnoreRules
FNDA:1,setCustomIgnoreRules
FNDA:1,updateContextStorageSettings
DA:64,11
DA:112,11
DA:113,97
DA:116,97
DA:119,131
DA:125,97
DA:126,97
DA:127,97
DA:129,3
DA:130,0
DA:131,0
DA:134,3
DA:137,3
DA:138,0
DA:139,0
DA:143,2
DA:162,1
DA:163,1
DA:168,95
DA:172,131
DA:173,131
DA:175,0
DA:181,1
DA:185,8
DA:192,0
DA:196,0
DA:200,3
DA:207,1
DA:211,1
DA:215,1
DA:221,97
LF:31
LH:24
BRDA:127,0,0,3
BRDA:127,0,1,94
BRDA:129,1,0,0
BRDA:129,1,1,3
BRDA:129,2,0,3
BRDA:129,2,1,3
BRDA:129,2,2,3
BRDA:137,3,0,0
BRDA:137,3,1,3
BRDA:137,4,0,3
BRDA:137,4,1,2
BRDA:148,5,0,2
BRDA:148,5,1,2
BRDA:152,6,0,3
BRDA:152,6,1,2
BRDA:156,7,0,3
BRDA:156,7,1,0
BRF:17
BRH:14
end_of_record
TN:
SF:src\stores\ui.store.ts
FN:21,(anonymous_0)
FN:29,addToast
FN:59,(anonymous_2)
FN:67,removeToast
FN:68,(anonymous_4)
FN:74,clearToasts
FN:78,openSettingsModal
FN:82,openKeyboardShortcutsModal
FNF:8
FNH:8
FNDA:54,(anonymous_0)
FNDA:33,addToast
FNDA:1,(anonymous_2)
FNDA:4,removeToast
FNDA:4,(anonymous_4)
FNDA:2,clearToasts
FNDA:1,openSettingsModal
FNDA:1,openKeyboardShortcutsModal
DA:5,6
DA:21,6
DA:23,54
DA:24,54
DA:25,54
DA:26,54
DA:30,33
DA:39,33
DA:40,33
DA:42,5
DA:43,5
DA:45,4
DA:46,4
DA:48,19
DA:49,19
DA:51,5
DA:52,5
DA:55,33
DA:58,33
DA:59,32
DA:60,1
DA:64,33
DA:68,4
DA:69,4
DA:70,3
DA:75,2
DA:79,1
DA:83,1
DA:86,54
LF:29
LH:29
BRDA:29,0,0,33
BRDA:29,1,0,33
BRDA:40,2,0,5
BRDA:40,2,1,4
BRDA:40,2,2,19
BRDA:40,2,3,5
BRDA:58,3,0,32
BRDA:58,3,1,1
BRDA:69,4,0,3
BRDA:69,4,1,1
BRF:10
BRH:10
end_of_record
TN:
SF:src\utils\fileIcons.ts
FN:129,getFileIcon
FN:139,getFileTypeInfo
FNF:2
FNH:2
FNDA:20,getFileIcon
FNDA:3,getFileTypeInfo
DA:7,7
DA:79,7
DA:131,20
DA:132,7
DA:135,13
DA:136,20
DA:141,3
DA:142,1
DA:145,2
DA:146,3
LF:10
LH:10
BRDA:131,0,0,7
BRDA:131,0,1,13
BRDA:135,1,0,13
BRDA:135,1,1,0
BRDA:136,2,0,20
BRDA:136,2,1,2
BRDA:141,3,0,1
BRDA:141,3,1,2
BRDA:145,4,0,2
BRDA:145,4,1,0
BRDA:146,5,0,3
BRDA:146,5,1,1
BRF:12
BRH:10
end_of_record
TN:
SF:src\utils\fileTreeUtils.ts
FN:28,findNode
FN:58,walkTree
FN:73,filterTreeByExtensions
FN:79,(anonymous_3)
FN:87,(anonymous_4)
FN:93,(anonymous_5)
FN:95,(anonymous_6)
FN:107,convertDomainNodes
FN:108,(anonymous_8)
FN:126,generateFlattened
FN:148,buildNodePathCache
FN:165,getAllFilesInNode
FN:196,countTotalFiles
FN:198,(anonymous_13)
FN:210,autoExpandToFiles
FN:219,(anonymous_15)
FN:220,(anonymous_16)
FNF:17
FNH:11
FNDA:19,findNode
FNDA:16,walkTree
FNDA:65,filterTreeByExtensions
FNDA:106,(anonymous_3)
FNDA:27,(anonymous_4)
FNDA:74,(anonymous_5)
FNDA:56,(anonymous_6)
FNDA:31,convertDomainNodes
FNDA:49,(anonymous_8)
FNDA:0,generateFlattened
FNDA:28,buildNodePathCache
FNDA:20,getAllFilesInNode
FNDA:0,countTotalFiles
FNDA:0,(anonymous_13)
FNDA:0,autoExpandToFiles
FNDA:0,(anonymous_15)
FNDA:0,(anonymous_16)
DA:34,19
DA:35,11
DA:36,11
DA:40,10
DA:41,18
DA:42,3
DA:43,3
DA:45,15
DA:46,6
DA:47,6
DA:50,3
DA:59,16
DA:60,16
DA:61,16
DA:62,4
DA:78,65
DA:80,106
DA:81,15
DA:84,15
DA:87,91
DA:88,7
DA:91,84
DA:93,74
DA:95,56
DA:108,49
DA:131,0
DA:133,0
DA:134,0
DA:135,0
DA:136,0
DA:137,0
DA:140,0
DA:152,28
DA:153,44
DA:154,44
DA:155,18
DA:170,20
DA:171,20
DA:172,20
DA:175,13
DA:177,13
DA:178,13
DA:179,22
DA:180,17
DA:182,5
DA:188,13
DA:189,20
DA:197,0
DA:198,0
DA:199,0
DA:201,0
DA:215,0
DA:217,0
DA:218,0
DA:219,0
DA:220,0
DA:222,0
DA:223,0
DA:224,0
DA:225,0
DA:226,0
DA:227,0
LF:62
LH:40
BRDA:34,0,0,11
BRDA:34,0,1,8
BRDA:36,1,0,9
BRDA:36,1,1,2
BRDA:41,2,0,3
BRDA:41,2,1,15
BRDA:45,3,0,6
BRDA:45,3,1,9
BRDA:47,4,0,4
BRDA:47,4,1,2
BRDA:61,5,0,4
BRDA:61,5,1,12
BRDA:76,6,0,65
BRDA:80,7,0,15
BRDA:80,7,1,91
BRDA:81,8,0,15
BRDA:81,8,1,0
BRDA:87,9,0,7
BRDA:87,9,1,84
BRDA:87,10,0,91
BRDA:87,10,1,25
BRDA:91,11,0,16
BRDA:91,11,1,68
BRDA:97,12,0,31
BRDA:97,12,1,25
BRDA:114,13,0,19
BRDA:114,13,1,30
BRDA:116,14,0,49
BRDA:116,14,1,49
BRDA:116,14,2,48
BRDA:129,15,0,0
BRDA:131,16,0,0
BRDA:131,16,1,0
BRDA:136,17,0,0
BRDA:136,17,1,0
BRDA:136,18,0,0
BRDA:136,18,1,0
BRDA:154,19,0,18
BRDA:154,19,1,26
BRDA:170,20,0,20
BRDA:170,20,1,0
BRDA:172,21,0,7
BRDA:172,21,1,13
BRDA:177,22,0,13
BRDA:177,22,1,0
BRDA:179,23,0,17
BRDA:179,23,1,5
BRDA:199,24,0,0
BRDA:199,24,1,0
BRDA:212,25,0,0
BRDA:213,26,0,0
BRDA:215,27,0,0
BRDA:215,27,1,0
BRDA:218,28,0,0
BRDA:218,28,1,0
BRDA:218,29,0,0
BRDA:218,29,1,0
BRDA:218,29,2,0
BRDA:222,30,0,0
BRDA:222,30,1,0
BRDA:222,31,0,0
BRDA:222,31,1,0
BRDA:222,31,2,0
BRDA:225,32,0,0
BRDA:225,32,1,0
BRF:65
BRH:37
end_of_record
TN:
SF:src\utils\performance.ts
FN:19,useVirtualScroll
FN:28,(anonymous_1)
FN:32,(anonymous_2)
FN:37,(anonymous_3)
FN:41,(anonymous_4)
FN:45,(anonymous_5)
FN:49,handleScroll
FN:68,debounce
FN:74,(anonymous_8)
FN:78,(anonymous_9)
FN:82,throttle
FN:88,(anonymous_11)
FN:92,(anonymous_12)
FN:101,useLazyLoading
FN:105,observe
FN:108,(anonymous_15)
FN:109,(anonymous_16)
FN:130,disconnect
FN:139,(anonymous_18)
FN:157,(anonymous_19)
FN:162,(anonymous_20)
FN:177,(anonymous_21)
FN:190,(anonymous_22)
FN:194,(anonymous_23)
FN:198,(anonymous_24)
FN:202,(anonymous_25)
FN:220,(anonymous_26)
FN:224,(anonymous_27)
FN:238,(anonymous_28)
FN:242,(anonymous_29)
FN:246,(anonymous_30)
FN:253,(anonymous_31)
FN:263,withPerformanceMonitoring
FN:268,(anonymous_33)
FN:274,(anonymous_34)
FN:294,asyncComponent
FN:295,(anonymous_36)
FN:296,(anonymous_37)
FN:326,(anonymous_38)
FN:330,(anonymous_39)
FN:335,(anonymous_40)
FN:341,(anonymous_41)
FN:353,(anonymous_42)
FN:361,(anonymous_43)
FN:364,(anonymous_44)
FN:368,(anonymous_45)
FN:381,cleanupPerformanceUtils
FNF:47
FNH:2
FNDA:0,useVirtualScroll
FNDA:0,(anonymous_1)
FNDA:0,(anonymous_2)
FNDA:0,(anonymous_3)
FNDA:0,(anonymous_4)
FNDA:0,(anonymous_5)
FNDA:0,handleScroll
FNDA:0,debounce
FNDA:0,(anonymous_8)
FNDA:0,(anonymous_9)
FNDA:0,throttle
FNDA:0,(anonymous_11)
FNDA:0,(anonymous_12)
FNDA:0,useLazyLoading
FNDA:0,observe
FNDA:0,(anonymous_15)
FNDA:0,(anonymous_16)
FNDA:0,disconnect
FNDA:0,(anonymous_18)
FNDA:6,(anonymous_19)
FNDA:0,(anonymous_20)
FNDA:0,(anonymous_21)
FNDA:0,(anonymous_22)
FNDA:0,(anonymous_23)
FNDA:0,(anonymous_24)
FNDA:0,(anonymous_25)
FNDA:0,(anonymous_26)
FNDA:0,(anonymous_27)
FNDA:0,(anonymous_28)
FNDA:0,(anonymous_29)
FNDA:0,(anonymous_30)
FNDA:0,(anonymous_31)
FNDA:0,withPerformanceMonitoring
FNDA:0,(anonymous_33)
FNDA:0,(anonymous_34)
FNDA:0,asyncComponent
FNDA:0,(anonymous_36)
FNDA:0,(anonymous_37)
FNDA:6,(anonymous_38)
FNDA:0,(anonymous_39)
FNDA:0,(anonymous_40)
FNDA:0,(anonymous_41)
FNDA:0,(anonymous_42)
FNDA:0,(anonymous_43)
FNDA:0,(anonymous_44)
FNDA:0,(anonymous_45)
FNDA:0,cleanupPerformanceUtils
DA:6,6
DA:23,0
DA:24,0
DA:25,0
DA:26,0
DA:28,0
DA:29,0
DA:32,0
DA:33,0
DA:34,0
DA:37,0
DA:38,0
DA:41,0
DA:42,0
DA:45,0
DA:46,0
DA:50,0
DA:51,0
DA:54,0
DA:72,0
DA:74,0
DA:75,0
DA:76,0
DA:78,0
DA:86,0
DA:88,0
DA:89,0
DA:90,0
DA:91,0
DA:92,0
DA:102,0
DA:103,0
DA:106,0
DA:107,0
DA:109,0
DA:110,0
DA:111,0
DA:112,0
DA:113,0
DA:114,0
DA:115,0
DA:126,0
DA:127,0
DA:131,0
DA:132,0
DA:133,0
DA:136,0
DA:139,0
DA:153,6
DA:158,6
DA:159,6
DA:164,0
DA:165,0
DA:166,0
DA:167,0
DA:171,0
DA:178,0
DA:179,0
DA:182,0
DA:183,0
DA:184,0
DA:187,0
DA:191,0
DA:195,0
DA:199,0
DA:203,0
DA:204,0
DA:205,0
DA:206,0
DA:217,6
DA:218,6
DA:221,0
DA:225,0
DA:226,0
DA:227,0
DA:228,0
DA:231,0
DA:232,0
DA:233,0
DA:235,0
DA:239,0
DA:243,0
DA:247,0
DA:248,0
DA:249,0
DA:254,0
DA:255,0
DA:268,0
DA:269,0
DA:270,0
DA:272,0
DA:274,0
DA:275,0
DA:276,0
DA:279,0
DA:280,0
DA:281,0
DA:295,0
DA:296,0
DA:297,0
DA:299,0
DA:323,6
DA:327,6
DA:335,0
DA:336,0
DA:338,0
DA:339,0
DA:342,0
DA:346,0
DA:349,0
DA:354,0
DA:355,0
DA:357,0
DA:358,0
DA:360,0
DA:361,0
DA:362,0
DA:364,0
DA:365,0
DA:368,0
DA:369,0
DA:376,6
DA:377,6
DA:378,6
DA:382,0
DA:383,0
LF:126
LH:11
BRDA:26,0,0,0
BRDA:26,0,1,0
BRDA:75,1,0,0
BRDA:75,1,1,0
BRDA:89,2,0,0
BRDA:89,2,1,0
BRDA:101,3,0,0
BRDA:106,4,0,0
BRDA:106,4,1,0
BRDA:110,5,0,0
BRDA:110,5,1,0
BRDA:112,6,0,0
BRDA:112,6,1,0
BRDA:112,7,0,0
BRDA:112,7,1,0
BRDA:157,8,0,6
BRDA:157,9,0,6
BRDA:164,10,0,0
BRDA:164,10,1,0
BRDA:166,11,0,0
BRDA:166,11,1,0
BRDA:179,12,0,0
BRDA:179,12,1,0
BRDA:182,13,0,0
BRDA:182,13,1,0
BRDA:205,14,0,0
BRDA:205,14,1,0
BRDA:226,15,0,0
BRDA:226,15,1,0
BRDA:248,16,0,0
BRDA:248,16,1,0
BRDA:272,17,0,0
BRDA:272,17,1,0
BRDA:272,18,0,0
BRDA:272,18,1,0
BRDA:326,19,0,6
BRDA:338,20,0,0
BRDA:338,20,1,0
BRDA:355,21,0,0
BRDA:355,21,1,0
BRF:40
BRH:3
end_of_record
